{"/Users/canelito/projetos/genlayer/genlayer-cli/src/commands/general/index.ts": {"path":"/Users/canelito/projetos/genlayer/genlayer-cli/src/commands/general/index.ts","all":false,"statementMap":{"0":{"start":{"line":1,"column":0},"end":{"line":1,"column":34}},"7":{"start":{"line":8,"column":0},"end":{"line":8,"column":61}},"8":{"start":{"line":9,"column":0},"end":{"line":9,"column":9}},"9":{"start":{"line":10,"column":0},"end":{"line":10,"column":20}},"10":{"start":{"line":11,"column":0},"end":{"line":11,"column":55}},"11":{"start":{"line":12,"column":0},"end":{"line":12,"column":75}},"12":{"start":{"line":13,"column":0},"end":{"line":13,"column":50}},"13":{"start":{"line":14,"column":0},"end":{"line":14,"column":83}},"15":{"start":{"line":16,"column":0},"end":{"line":16,"column":9}},"16":{"start":{"line":17,"column":0},"end":{"line":17,"column":18}},"17":{"start":{"line":18,"column":0},"end":{"line":18,"column":47}},"18":{"start":{"line":19,"column":0},"end":{"line":19,"column":100}},"19":{"start":{"line":20,"column":0},"end":{"line":20,"column":75}},"20":{"start":{"line":21,"column":0},"end":{"line":21,"column":50}},"21":{"start":{"line":22,"column":0},"end":{"line":22,"column":85}},"23":{"start":{"line":24,"column":0},"end":{"line":24,"column":17}},"24":{"start":{"line":25,"column":0},"end":{"line":25,"column":1}}},"s":{"0":1,"7":1,"8":7,"9":7,"10":7,"11":7,"12":7,"13":7,"15":7,"16":7,"17":7,"18":7,"19":7,"20":7,"21":7,"23":7,"24":7},"branchMap":{"0":{"type":"branch","line":8,"loc":{"start":{"line":8,"column":7},"end":{"line":25,"column":1}},"locations":[{"start":{"line":8,"column":7},"end":{"line":25,"column":1}}]}},"b":{"0":[7]},"fnMap":{"0":{"name":"initializeGeneralCommands","decl":{"start":{"line":8,"column":7},"end":{"line":25,"column":1}},"loc":{"start":{"line":8,"column":7},"end":{"line":25,"column":1}},"line":8}},"f":{"0":7}}
,"/Users/canelito/projetos/genlayer/genlayer-cli/src/commands/general/init.ts": {"path":"/Users/canelito/projetos/genlayer/genlayer-cli/src/commands/general/init.ts","all":false,"statementMap":{"0":{"start":{"line":1,"column":0},"end":{"line":1,"column":32}},"9":{"start":{"line":10,"column":0},"end":{"line":10,"column":86}},"10":{"start":{"line":11,"column":0},"end":{"line":11,"column":24}},"11":{"start":{"line":12,"column":0},"end":{"line":12,"column":84}},"12":{"start":{"line":13,"column":0},"end":{"line":13,"column":3}},"13":{"start":{"line":14,"column":0},"end":{"line":14,"column":13}},"14":{"start":{"line":15,"column":0},"end":{"line":15,"column":71}},"15":{"start":{"line":16,"column":0},"end":{"line":16,"column":3}},"16":{"start":{"line":17,"column":0},"end":{"line":17,"column":16}},"17":{"start":{"line":18,"column":0},"end":{"line":18,"column":77}},"18":{"start":{"line":19,"column":0},"end":{"line":19,"column":3}},"20":{"start":{"line":21,"column":0},"end":{"line":21,"column":12}},"21":{"start":{"line":22,"column":0},"end":{"line":22,"column":1}},"23":{"start":{"line":24,"column":0},"end":{"line":24,"column":81}},"24":{"start":{"line":25,"column":0},"end":{"line":25,"column":19}},"26":{"start":{"line":27,"column":0},"end":{"line":27,"column":15}},"27":{"start":{"line":28,"column":0},"end":{"line":28,"column":103}},"28":{"start":{"line":29,"column":0},"end":{"line":29,"column":3}},"30":{"start":{"line":31,"column":0},"end":{"line":31,"column":13}},"31":{"start":{"line":32,"column":0},"end":{"line":32,"column":97}},"32":{"start":{"line":33,"column":0},"end":{"line":33,"column":3}},"34":{"start":{"line":35,"column":0},"end":{"line":35,"column":17}},"35":{"start":{"line":36,"column":0},"end":{"line":36,"column":1}},"37":{"start":{"line":38,"column":0},"end":{"line":38,"column":99}},"39":{"start":{"line":40,"column":0},"end":{"line":40,"column":7}},"40":{"start":{"line":41,"column":0},"end":{"line":41,"column":84}},"41":{"start":{"line":42,"column":0},"end":{"line":42,"column":87}},"43":{"start":{"line":44,"column":0},"end":{"line":44,"column":34}},"44":{"start":{"line":45,"column":0},"end":{"line":45,"column":45}},"45":{"start":{"line":46,"column":0},"end":{"line":46,"column":13}},"46":{"start":{"line":47,"column":0},"end":{"line":47,"column":5}},"47":{"start":{"line":48,"column":0},"end":{"line":48,"column":19}},"48":{"start":{"line":49,"column":0},"end":{"line":49,"column":25}},"49":{"start":{"line":50,"column":0},"end":{"line":50,"column":11}},"50":{"start":{"line":51,"column":0},"end":{"line":51,"column":3}},"53":{"start":{"line":54,"column":0},"end":{"line":54,"column":7}},"54":{"start":{"line":55,"column":0},"end":{"line":55,"column":78}},"55":{"start":{"line":56,"column":0},"end":{"line":56,"column":72}},"57":{"start":{"line":58,"column":0},"end":{"line":58,"column":30}},"58":{"start":{"line":59,"column":0},"end":{"line":59,"column":41}},"59":{"start":{"line":60,"column":0},"end":{"line":60,"column":13}},"60":{"start":{"line":61,"column":0},"end":{"line":61,"column":5}},"61":{"start":{"line":62,"column":0},"end":{"line":62,"column":19}},"62":{"start":{"line":63,"column":0},"end":{"line":63,"column":25}},"63":{"start":{"line":64,"column":0},"end":{"line":64,"column":11}},"64":{"start":{"line":65,"column":0},"end":{"line":65,"column":3}},"67":{"start":{"line":68,"column":0},"end":{"line":68,"column":46}},"68":{"start":{"line":69,"column":0},"end":{"line":69,"column":5}},"69":{"start":{"line":70,"column":0},"end":{"line":70,"column":22}},"70":{"start":{"line":71,"column":0},"end":{"line":71,"column":27}},"71":{"start":{"line":72,"column":0},"end":{"line":72,"column":196}},"72":{"start":{"line":73,"column":0},"end":{"line":73,"column":20}},"73":{"start":{"line":74,"column":0},"end":{"line":74,"column":6}},"74":{"start":{"line":75,"column":0},"end":{"line":75,"column":5}},"76":{"start":{"line":77,"column":0},"end":{"line":77,"column":35}},"77":{"start":{"line":78,"column":0},"end":{"line":78,"column":28}},"78":{"start":{"line":79,"column":0},"end":{"line":79,"column":11}},"79":{"start":{"line":80,"column":0},"end":{"line":80,"column":3}},"81":{"start":{"line":82,"column":0},"end":{"line":82,"column":84}},"84":{"start":{"line":85,"column":0},"end":{"line":85,"column":59}},"85":{"start":{"line":86,"column":0},"end":{"line":86,"column":7}},"86":{"start":{"line":87,"column":0},"end":{"line":87,"column":51}},"87":{"start":{"line":88,"column":0},"end":{"line":88,"column":47}},"88":{"start":{"line":89,"column":0},"end":{"line":89,"column":19}},"89":{"start":{"line":90,"column":0},"end":{"line":90,"column":25}},"90":{"start":{"line":91,"column":0},"end":{"line":91,"column":11}},"91":{"start":{"line":92,"column":0},"end":{"line":92,"column":3}},"94":{"start":{"line":95,"column":0},"end":{"line":95,"column":41}},"95":{"start":{"line":96,"column":0},"end":{"line":96,"column":5}},"96":{"start":{"line":97,"column":0},"end":{"line":97,"column":22}},"97":{"start":{"line":98,"column":0},"end":{"line":98,"column":30}},"98":{"start":{"line":99,"column":0},"end":{"line":99,"column":188}},"99":{"start":{"line":100,"column":0},"end":{"line":100,"column":20}},"100":{"start":{"line":101,"column":0},"end":{"line":101,"column":6}},"101":{"start":{"line":102,"column":0},"end":{"line":102,"column":5}},"103":{"start":{"line":104,"column":0},"end":{"line":104,"column":33}},"104":{"start":{"line":105,"column":0},"end":{"line":105,"column":28}},"105":{"start":{"line":106,"column":0},"end":{"line":106,"column":11}},"106":{"start":{"line":107,"column":0},"end":{"line":107,"column":3}},"109":{"start":{"line":110,"column":0},"end":{"line":110,"column":63}},"110":{"start":{"line":111,"column":0},"end":{"line":111,"column":7}},"111":{"start":{"line":112,"column":0},"end":{"line":112,"column":84}},"112":{"start":{"line":113,"column":0},"end":{"line":113,"column":23}},"113":{"start":{"line":114,"column":0},"end":{"line":114,"column":61}},"114":{"start":{"line":115,"column":0},"end":{"line":115,"column":5}},"115":{"start":{"line":116,"column":0},"end":{"line":116,"column":19}},"116":{"start":{"line":117,"column":0},"end":{"line":117,"column":25}},"117":{"start":{"line":118,"column":0},"end":{"line":118,"column":11}},"118":{"start":{"line":119,"column":0},"end":{"line":119,"column":3}},"121":{"start":{"line":122,"column":0},"end":{"line":122,"column":21}},"122":{"start":{"line":123,"column":0},"end":{"line":123,"column":5}},"123":{"start":{"line":124,"column":0},"end":{"line":124,"column":23}},"124":{"start":{"line":125,"column":0},"end":{"line":125,"column":35}},"125":{"start":{"line":126,"column":0},"end":{"line":126,"column":64}},"126":{"start":{"line":127,"column":0},"end":{"line":127,"column":60}},"127":{"start":{"line":128,"column":0},"end":{"line":128,"column":45}},"128":{"start":{"line":129,"column":0},"end":{"line":129,"column":32}},"129":{"start":{"line":130,"column":0},"end":{"line":130,"column":56}},"130":{"start":{"line":131,"column":0},"end":{"line":131,"column":9}},"131":{"start":{"line":132,"column":0},"end":{"line":132,"column":20}},"132":{"start":{"line":133,"column":0},"end":{"line":133,"column":8}},"133":{"start":{"line":134,"column":0},"end":{"line":134,"column":6}},"134":{"start":{"line":135,"column":0},"end":{"line":135,"column":4}},"137":{"start":{"line":138,"column":0},"end":{"line":138,"column":62}},"138":{"start":{"line":139,"column":0},"end":{"line":139,"column":88}},"141":{"start":{"line":142,"column":0},"end":{"line":142,"column":56}},"142":{"start":{"line":143,"column":0},"end":{"line":143,"column":62}},"143":{"start":{"line":144,"column":0},"end":{"line":144,"column":68}},"144":{"start":{"line":145,"column":0},"end":{"line":145,"column":4}},"145":{"start":{"line":146,"column":0},"end":{"line":146,"column":60}},"146":{"start":{"line":147,"column":0},"end":{"line":147,"column":48}},"147":{"start":{"line":148,"column":0},"end":{"line":148,"column":57}},"148":{"start":{"line":149,"column":0},"end":{"line":149,"column":23}},"149":{"start":{"line":150,"column":0},"end":{"line":150,"column":7}},"150":{"start":{"line":151,"column":0},"end":{"line":151,"column":22}},"151":{"start":{"line":152,"column":0},"end":{"line":152,"column":44}},"152":{"start":{"line":153,"column":0},"end":{"line":153,"column":69}},"153":{"start":{"line":154,"column":0},"end":{"line":154,"column":44}},"154":{"start":{"line":155,"column":0},"end":{"line":155,"column":29}},"155":{"start":{"line":156,"column":0},"end":{"line":156,"column":24}},"156":{"start":{"line":157,"column":0},"end":{"line":157,"column":11}},"157":{"start":{"line":158,"column":0},"end":{"line":158,"column":76}},"158":{"start":{"line":159,"column":0},"end":{"line":159,"column":10}},"159":{"start":{"line":160,"column":0},"end":{"line":160,"column":8}},"160":{"start":{"line":161,"column":0},"end":{"line":161,"column":6}},"162":{"start":{"line":163,"column":0},"end":{"line":163,"column":58}},"163":{"start":{"line":164,"column":0},"end":{"line":164,"column":93}},"164":{"start":{"line":165,"column":0},"end":{"line":165,"column":3}},"166":{"start":{"line":167,"column":0},"end":{"line":167,"column":63}},"167":{"start":{"line":168,"column":0},"end":{"line":168,"column":7}},"168":{"start":{"line":169,"column":0},"end":{"line":169,"column":63}},"169":{"start":{"line":170,"column":0},"end":{"line":170,"column":19}},"170":{"start":{"line":171,"column":0},"end":{"line":171,"column":25}},"171":{"start":{"line":172,"column":0},"end":{"line":172,"column":11}},"172":{"start":{"line":173,"column":0},"end":{"line":173,"column":3}},"175":{"start":{"line":176,"column":0},"end":{"line":176,"column":51}},"176":{"start":{"line":177,"column":0},"end":{"line":177,"column":7}},"178":{"start":{"line":179,"column":0},"end":{"line":179,"column":42}},"179":{"start":{"line":180,"column":0},"end":{"line":180,"column":19}},"180":{"start":{"line":181,"column":0},"end":{"line":181,"column":25}},"181":{"start":{"line":182,"column":0},"end":{"line":182,"column":11}},"182":{"start":{"line":183,"column":0},"end":{"line":183,"column":3}},"184":{"start":{"line":185,"column":0},"end":{"line":185,"column":7}},"185":{"start":{"line":186,"column":0},"end":{"line":186,"column":102}},"186":{"start":{"line":187,"column":0},"end":{"line":187,"column":48}},"187":{"start":{"line":188,"column":0},"end":{"line":188,"column":32}},"188":{"start":{"line":189,"column":0},"end":{"line":189,"column":86}},"189":{"start":{"line":190,"column":0},"end":{"line":190,"column":13}},"190":{"start":{"line":191,"column":0},"end":{"line":191,"column":5}},"191":{"start":{"line":192,"column":0},"end":{"line":192,"column":50}},"192":{"start":{"line":193,"column":0},"end":{"line":193,"column":20}},"193":{"start":{"line":194,"column":0},"end":{"line":194,"column":105}},"194":{"start":{"line":195,"column":0},"end":{"line":195,"column":8}},"195":{"start":{"line":196,"column":0},"end":{"line":196,"column":13}},"196":{"start":{"line":197,"column":0},"end":{"line":197,"column":5}},"197":{"start":{"line":198,"column":0},"end":{"line":198,"column":41}},"198":{"start":{"line":199,"column":0},"end":{"line":199,"column":19}},"199":{"start":{"line":200,"column":0},"end":{"line":200,"column":25}},"200":{"start":{"line":201,"column":0},"end":{"line":201,"column":11}},"201":{"start":{"line":202,"column":0},"end":{"line":202,"column":3}},"204":{"start":{"line":205,"column":0},"end":{"line":205,"column":48}},"205":{"start":{"line":206,"column":0},"end":{"line":206,"column":49}},"206":{"start":{"line":207,"column":0},"end":{"line":207,"column":45}},"207":{"start":{"line":208,"column":0},"end":{"line":208,"column":3}},"210":{"start":{"line":211,"column":0},"end":{"line":211,"column":44}},"211":{"start":{"line":212,"column":0},"end":{"line":212,"column":7}},"213":{"start":{"line":214,"column":0},"end":{"line":214,"column":49}},"215":{"start":{"line":216,"column":0},"end":{"line":216,"column":103}},"216":{"start":{"line":217,"column":0},"end":{"line":217,"column":19}},"217":{"start":{"line":218,"column":0},"end":{"line":218,"column":58}},"218":{"start":{"line":219,"column":0},"end":{"line":219,"column":25}},"219":{"start":{"line":220,"column":0},"end":{"line":220,"column":11}},"220":{"start":{"line":221,"column":0},"end":{"line":221,"column":3}},"223":{"start":{"line":224,"column":0},"end":{"line":224,"column":14}},"224":{"start":{"line":225,"column":0},"end":{"line":225,"column":124}},"225":{"start":{"line":226,"column":0},"end":{"line":226,"column":4}},"226":{"start":{"line":227,"column":0},"end":{"line":227,"column":7}},"228":{"start":{"line":229,"column":0},"end":{"line":229,"column":36}},"229":{"start":{"line":230,"column":0},"end":{"line":230,"column":19}},"230":{"start":{"line":231,"column":0},"end":{"line":231,"column":25}},"231":{"start":{"line":232,"column":0},"end":{"line":232,"column":3}},"232":{"start":{"line":233,"column":0},"end":{"line":233,"column":1}}},"s":{"0":1,"9":22,"10":22,"11":1,"12":1,"13":22,"14":1,"15":1,"16":22,"17":1,"18":1,"20":19,"21":19,"23":18,"24":18,"26":18,"27":2,"28":2,"30":18,"31":2,"32":2,"34":18,"35":18,"37":24,"39":24,"40":24,"41":22,"43":24,"44":3,"45":3,"46":3,"47":24,"48":2,"49":2,"50":2,"53":19,"54":19,"55":18,"57":24,"58":3,"59":3,"60":3,"61":24,"62":1,"63":1,"64":1,"67":15,"68":15,"69":15,"70":15,"71":15,"72":15,"73":15,"74":15,"76":24,"77":1,"78":1,"79":1,"81":14,"84":14,"85":14,"86":14,"87":12,"88":24,"89":2,"90":2,"91":2,"94":12,"95":12,"96":12,"97":12,"98":12,"99":12,"100":12,"101":12,"103":24,"104":1,"105":1,"106":1,"109":11,"110":11,"111":11,"112":24,"113":4,"114":4,"115":24,"116":1,"117":1,"118":1,"121":10,"122":10,"123":10,"124":10,"125":10,"126":10,"127":10,"128":2,"129":1,"130":1,"131":1,"132":2,"133":10,"134":10,"137":10,"138":10,"141":10,"142":10,"143":10,"144":10,"145":10,"146":10,"147":10,"148":10,"149":10,"150":10,"151":10,"152":10,"153":10,"154":2,"155":1,"156":1,"157":1,"158":2,"159":10,"160":10,"162":10,"163":10,"164":10,"166":10,"167":10,"168":10,"169":24,"170":1,"171":1,"172":1,"175":9,"176":9,"178":9,"179":24,"180":2,"181":2,"182":2,"184":7,"185":7,"186":24,"187":1,"188":1,"189":1,"190":1,"191":24,"192":1,"193":1,"194":1,"195":1,"196":1,"197":4,"198":24,"199":1,"200":1,"201":1,"204":24,"205":1,"206":1,"207":1,"210":4,"211":4,"213":4,"215":4,"216":24,"217":1,"218":1,"219":1,"220":1,"223":3,"224":3,"225":3,"226":3,"228":3,"229":24,"230":1,"231":1,"232":24},"branchMap":{"0":{"type":"branch","line":10,"loc":{"start":{"line":10,"column":0},"end":{"line":22,"column":1}},"locations":[{"start":{"line":10,"column":0},"end":{"line":22,"column":1}}]},"1":{"type":"branch","line":11,"loc":{"start":{"line":11,"column":7},"end":{"line":11,"column":23}},"locations":[{"start":{"line":11,"column":7},"end":{"line":11,"column":23}}]},"2":{"type":"branch","line":11,"loc":{"start":{"line":11,"column":23},"end":{"line":13,"column":3}},"locations":[{"start":{"line":11,"column":23},"end":{"line":13,"column":3}}]},"3":{"type":"branch","line":13,"loc":{"start":{"line":13,"column":2},"end":{"line":14,"column":12}},"locations":[{"start":{"line":13,"column":2},"end":{"line":14,"column":12}}]},"4":{"type":"branch","line":14,"loc":{"start":{"line":14,"column":12},"end":{"line":16,"column":3}},"locations":[{"start":{"line":14,"column":12},"end":{"line":16,"column":3}}]},"5":{"type":"branch","line":16,"loc":{"start":{"line":16,"column":2},"end":{"line":17,"column":15}},"locations":[{"start":{"line":16,"column":2},"end":{"line":17,"column":15}}]},"6":{"type":"branch","line":17,"loc":{"start":{"line":17,"column":15},"end":{"line":19,"column":3}},"locations":[{"start":{"line":17,"column":15},"end":{"line":19,"column":3}}]},"7":{"type":"branch","line":19,"loc":{"start":{"line":19,"column":2},"end":{"line":22,"column":1}},"locations":[{"start":{"line":19,"column":2},"end":{"line":22,"column":1}}]},"8":{"type":"branch","line":24,"loc":{"start":{"line":24,"column":0},"end":{"line":36,"column":1}},"locations":[{"start":{"line":24,"column":0},"end":{"line":36,"column":1}}]},"9":{"type":"branch","line":27,"loc":{"start":{"line":27,"column":14},"end":{"line":29,"column":3}},"locations":[{"start":{"line":27,"column":14},"end":{"line":29,"column":3}}]},"10":{"type":"branch","line":31,"loc":{"start":{"line":31,"column":12},"end":{"line":33,"column":3}},"locations":[{"start":{"line":31,"column":12},"end":{"line":33,"column":3}}]},"11":{"type":"branch","line":38,"loc":{"start":{"line":38,"column":0},"end":{"line":233,"column":1}},"locations":[{"start":{"line":38,"column":0},"end":{"line":233,"column":1}}]},"12":{"type":"branch","line":41,"loc":{"start":{"line":41,"column":82},"end":{"line":44,"column":33}},"locations":[{"start":{"line":41,"column":82},"end":{"line":44,"column":33}}]},"13":{"type":"branch","line":44,"loc":{"start":{"line":44,"column":33},"end":{"line":47,"column":5}},"locations":[{"start":{"line":44,"column":33},"end":{"line":47,"column":5}}]},"14":{"type":"branch","line":48,"loc":{"start":{"line":48,"column":2},"end":{"line":51,"column":3}},"locations":[{"start":{"line":48,"column":2},"end":{"line":51,"column":3}}]},"15":{"type":"branch","line":51,"loc":{"start":{"line":51,"column":2},"end":{"line":55,"column":78}},"locations":[{"start":{"line":51,"column":2},"end":{"line":55,"column":78}}]},"16":{"type":"branch","line":55,"loc":{"start":{"line":55,"column":76},"end":{"line":58,"column":29}},"locations":[{"start":{"line":55,"column":76},"end":{"line":58,"column":29}}]},"17":{"type":"branch","line":58,"loc":{"start":{"line":58,"column":29},"end":{"line":61,"column":5}},"locations":[{"start":{"line":58,"column":29},"end":{"line":61,"column":5}}]},"18":{"type":"branch","line":62,"loc":{"start":{"line":62,"column":2},"end":{"line":65,"column":3}},"locations":[{"start":{"line":62,"column":2},"end":{"line":65,"column":3}}]},"19":{"type":"branch","line":65,"loc":{"start":{"line":65,"column":2},"end":{"line":77,"column":34}},"locations":[{"start":{"line":65,"column":2},"end":{"line":77,"column":34}}]},"20":{"type":"branch","line":77,"loc":{"start":{"line":77,"column":34},"end":{"line":80,"column":3}},"locations":[{"start":{"line":77,"column":34},"end":{"line":80,"column":3}}]},"21":{"type":"branch","line":80,"loc":{"start":{"line":80,"column":2},"end":{"line":87,"column":51}},"locations":[{"start":{"line":80,"column":2},"end":{"line":87,"column":51}}]},"22":{"type":"branch","line":87,"loc":{"start":{"line":87,"column":49},"end":{"line":89,"column":11}},"locations":[{"start":{"line":87,"column":49},"end":{"line":89,"column":11}}]},"23":{"type":"branch","line":89,"loc":{"start":{"line":89,"column":2},"end":{"line":92,"column":3}},"locations":[{"start":{"line":89,"column":2},"end":{"line":92,"column":3}}]},"24":{"type":"branch","line":92,"loc":{"start":{"line":92,"column":2},"end":{"line":104,"column":32}},"locations":[{"start":{"line":92,"column":2},"end":{"line":104,"column":32}}]},"25":{"type":"branch","line":104,"loc":{"start":{"line":104,"column":32},"end":{"line":107,"column":3}},"locations":[{"start":{"line":104,"column":32},"end":{"line":107,"column":3}}]},"26":{"type":"branch","line":107,"loc":{"start":{"line":107,"column":2},"end":{"line":112,"column":84}},"locations":[{"start":{"line":107,"column":2},"end":{"line":112,"column":84}}]},"27":{"type":"branch","line":112,"loc":{"start":{"line":112,"column":82},"end":{"line":113,"column":22}},"locations":[{"start":{"line":112,"column":82},"end":{"line":113,"column":22}}]},"28":{"type":"branch","line":113,"loc":{"start":{"line":113,"column":22},"end":{"line":115,"column":5}},"locations":[{"start":{"line":113,"column":22},"end":{"line":115,"column":5}}]},"29":{"type":"branch","line":116,"loc":{"start":{"line":116,"column":2},"end":{"line":119,"column":3}},"locations":[{"start":{"line":116,"column":2},"end":{"line":119,"column":3}}]},"30":{"type":"branch","line":119,"loc":{"start":{"line":119,"column":2},"end":{"line":169,"column":63}},"locations":[{"start":{"line":119,"column":2},"end":{"line":169,"column":63}}]},"31":{"type":"branch","line":169,"loc":{"start":{"line":169,"column":61},"end":{"line":170,"column":11}},"locations":[{"start":{"line":169,"column":61},"end":{"line":170,"column":11}}]},"32":{"type":"branch","line":170,"loc":{"start":{"line":170,"column":2},"end":{"line":173,"column":3}},"locations":[{"start":{"line":170,"column":2},"end":{"line":173,"column":3}}]},"33":{"type":"branch","line":173,"loc":{"start":{"line":173,"column":2},"end":{"line":179,"column":42}},"locations":[{"start":{"line":173,"column":2},"end":{"line":179,"column":42}}]},"34":{"type":"branch","line":179,"loc":{"start":{"line":179,"column":40},"end":{"line":180,"column":11}},"locations":[{"start":{"line":179,"column":40},"end":{"line":180,"column":11}}]},"35":{"type":"branch","line":180,"loc":{"start":{"line":180,"column":2},"end":{"line":183,"column":3}},"locations":[{"start":{"line":180,"column":2},"end":{"line":183,"column":3}}]},"36":{"type":"branch","line":183,"loc":{"start":{"line":183,"column":2},"end":{"line":186,"column":102}},"locations":[{"start":{"line":183,"column":2},"end":{"line":186,"column":102}}]},"37":{"type":"branch","line":186,"loc":{"start":{"line":186,"column":100},"end":{"line":187,"column":24}},"locations":[{"start":{"line":186,"column":100},"end":{"line":187,"column":24}}]},"38":{"type":"branch","line":187,"loc":{"start":{"line":187,"column":9},"end":{"line":187,"column":47}},"locations":[{"start":{"line":187,"column":9},"end":{"line":187,"column":47}}]},"39":{"type":"branch","line":187,"loc":{"start":{"line":187,"column":47},"end":{"line":191,"column":5}},"locations":[{"start":{"line":187,"column":47},"end":{"line":191,"column":5}}]},"40":{"type":"branch","line":191,"loc":{"start":{"line":191,"column":4},"end":{"line":192,"column":24}},"locations":[{"start":{"line":191,"column":4},"end":{"line":192,"column":24}}]},"41":{"type":"branch","line":192,"loc":{"start":{"line":192,"column":9},"end":{"line":192,"column":49}},"locations":[{"start":{"line":192,"column":9},"end":{"line":192,"column":49}}]},"42":{"type":"branch","line":192,"loc":{"start":{"line":192,"column":49},"end":{"line":197,"column":5}},"locations":[{"start":{"line":192,"column":49},"end":{"line":197,"column":5}}]},"43":{"type":"branch","line":197,"loc":{"start":{"line":197,"column":4},"end":{"line":199,"column":11}},"locations":[{"start":{"line":197,"column":4},"end":{"line":199,"column":11}}]},"44":{"type":"branch","line":199,"loc":{"start":{"line":199,"column":2},"end":{"line":202,"column":3}},"locations":[{"start":{"line":199,"column":2},"end":{"line":202,"column":3}}]},"45":{"type":"branch","line":202,"loc":{"start":{"line":202,"column":2},"end":{"line":205,"column":47}},"locations":[{"start":{"line":202,"column":2},"end":{"line":205,"column":47}}]},"46":{"type":"branch","line":205,"loc":{"start":{"line":205,"column":47},"end":{"line":208,"column":3}},"locations":[{"start":{"line":205,"column":47},"end":{"line":208,"column":3}}]},"47":{"type":"branch","line":208,"loc":{"start":{"line":208,"column":2},"end":{"line":216,"column":103}},"locations":[{"start":{"line":208,"column":2},"end":{"line":216,"column":103}}]},"48":{"type":"branch","line":216,"loc":{"start":{"line":216,"column":101},"end":{"line":217,"column":11}},"locations":[{"start":{"line":216,"column":101},"end":{"line":217,"column":11}}]},"49":{"type":"branch","line":217,"loc":{"start":{"line":217,"column":2},"end":{"line":221,"column":3}},"locations":[{"start":{"line":217,"column":2},"end":{"line":221,"column":3}}]},"50":{"type":"branch","line":221,"loc":{"start":{"line":221,"column":2},"end":{"line":230,"column":11}},"locations":[{"start":{"line":221,"column":2},"end":{"line":230,"column":11}}]},"51":{"type":"branch","line":230,"loc":{"start":{"line":230,"column":2},"end":{"line":232,"column":3}},"locations":[{"start":{"line":230,"column":2},"end":{"line":232,"column":3}}]},"52":{"type":"branch","line":128,"loc":{"start":{"line":128,"column":16},"end":{"line":133,"column":8}},"locations":[{"start":{"line":128,"column":16},"end":{"line":133,"column":8}}]},"53":{"type":"branch","line":129,"loc":{"start":{"line":129,"column":31},"end":{"line":132,"column":20}},"locations":[{"start":{"line":129,"column":31},"end":{"line":132,"column":20}}]},"54":{"type":"branch","line":144,"loc":{"start":{"line":144,"column":4},"end":{"line":144,"column":68}},"locations":[{"start":{"line":144,"column":4},"end":{"line":144,"column":68}}]},"55":{"type":"branch","line":154,"loc":{"start":{"line":154,"column":18},"end":{"line":159,"column":10}},"locations":[{"start":{"line":154,"column":18},"end":{"line":159,"column":10}}]},"56":{"type":"branch","line":155,"loc":{"start":{"line":155,"column":28},"end":{"line":158,"column":76}},"locations":[{"start":{"line":155,"column":28},"end":{"line":158,"column":76}}]}},"b":{"0":[22],"1":[2],"2":[1],"3":[21],"4":[1],"5":[20],"6":[1],"7":[19],"8":[18],"9":[2],"10":[2],"11":[24],"12":[22],"13":[3],"14":[2],"15":[19],"16":[18],"17":[3],"18":[1],"19":[15],"20":[1],"21":[14],"22":[12],"23":[2],"24":[12],"25":[1],"26":[11],"27":[10],"28":[4],"29":[1],"30":[10],"31":[9],"32":[1],"33":[9],"34":[7],"35":[2],"36":[7],"37":[6],"38":[2],"39":[1],"40":[5],"41":[1],"42":[1],"43":[4],"44":[1],"45":[4],"46":[1],"47":[4],"48":[3],"49":[1],"50":[3],"51":[1],"52":[2],"53":[1],"54":[11],"55":[2],"56":[1]},"fnMap":{"0":{"name":"getRequirementsErrorMessage","decl":{"start":{"line":10,"column":0},"end":{"line":22,"column":1}},"loc":{"start":{"line":10,"column":0},"end":{"line":22,"column":1}},"line":10},"1":{"name":"getVersionErrorMessage","decl":{"start":{"line":24,"column":0},"end":{"line":36,"column":1}},"loc":{"start":{"line":24,"column":0},"end":{"line":36,"column":1}},"line":24},"2":{"name":"initAction","decl":{"start":{"line":38,"column":0},"end":{"line":233,"column":1}},"loc":{"start":{"line":38,"column":0},"end":{"line":233,"column":1}},"line":38},"3":{"name":"validate","decl":{"start":{"line":128,"column":16},"end":{"line":133,"column":8}},"loc":{"start":{"line":128,"column":16},"end":{"line":133,"column":8}},"line":128},"4":{"name":"validate","decl":{"start":{"line":154,"column":18},"end":{"line":159,"column":10}},"loc":{"start":{"line":154,"column":18},"end":{"line":159,"column":10}},"line":154}},"f":{"0":22,"1":18,"2":24,"3":2,"4":2}}
,"/Users/canelito/projetos/genlayer/genlayer-cli/src/commands/general/start.ts": {"path":"/Users/canelito/projetos/genlayer/genlayer-cli/src/commands/general/start.ts","all":false,"statementMap":{"0":{"start":{"line":1,"column":0},"end":{"line":1,"column":32}},"10":{"start":{"line":11,"column":0},"end":{"line":11,"column":101}},"11":{"start":{"line":12,"column":0},"end":{"line":12,"column":59}},"13":{"start":{"line":14,"column":0},"end":{"line":14,"column":51}},"14":{"start":{"line":15,"column":0},"end":{"line":15,"column":55}},"15":{"start":{"line":16,"column":0},"end":{"line":16,"column":40}},"17":{"start":{"line":18,"column":0},"end":{"line":18,"column":74}},"20":{"start":{"line":21,"column":0},"end":{"line":21,"column":48}},"21":{"start":{"line":22,"column":0},"end":{"line":22,"column":7}},"22":{"start":{"line":23,"column":0},"end":{"line":23,"column":51}},"23":{"start":{"line":24,"column":0},"end":{"line":24,"column":19}},"24":{"start":{"line":25,"column":0},"end":{"line":25,"column":25}},"25":{"start":{"line":26,"column":0},"end":{"line":26,"column":11}},"26":{"start":{"line":27,"column":0},"end":{"line":27,"column":3}},"29":{"start":{"line":30,"column":0},"end":{"line":30,"column":51}},"30":{"start":{"line":31,"column":0},"end":{"line":31,"column":7}},"31":{"start":{"line":32,"column":0},"end":{"line":32,"column":42}},"32":{"start":{"line":33,"column":0},"end":{"line":33,"column":19}},"33":{"start":{"line":34,"column":0},"end":{"line":34,"column":25}},"34":{"start":{"line":35,"column":0},"end":{"line":35,"column":11}},"35":{"start":{"line":36,"column":0},"end":{"line":36,"column":3}},"37":{"start":{"line":38,"column":0},"end":{"line":38,"column":7}},"38":{"start":{"line":39,"column":0},"end":{"line":39,"column":102}},"39":{"start":{"line":40,"column":0},"end":{"line":40,"column":48}},"40":{"start":{"line":41,"column":0},"end":{"line":41,"column":32}},"41":{"start":{"line":42,"column":0},"end":{"line":42,"column":86}},"42":{"start":{"line":43,"column":0},"end":{"line":43,"column":13}},"43":{"start":{"line":44,"column":0},"end":{"line":44,"column":5}},"44":{"start":{"line":45,"column":0},"end":{"line":45,"column":50}},"45":{"start":{"line":46,"column":0},"end":{"line":46,"column":20}},"46":{"start":{"line":47,"column":0},"end":{"line":47,"column":105}},"47":{"start":{"line":48,"column":0},"end":{"line":48,"column":8}},"48":{"start":{"line":49,"column":0},"end":{"line":49,"column":13}},"49":{"start":{"line":50,"column":0},"end":{"line":50,"column":5}},"50":{"start":{"line":51,"column":0},"end":{"line":51,"column":41}},"51":{"start":{"line":52,"column":0},"end":{"line":52,"column":19}},"52":{"start":{"line":53,"column":0},"end":{"line":53,"column":25}},"53":{"start":{"line":54,"column":0},"end":{"line":54,"column":11}},"54":{"start":{"line":55,"column":0},"end":{"line":55,"column":3}},"56":{"start":{"line":57,"column":0},"end":{"line":57,"column":24}},"58":{"start":{"line":59,"column":0},"end":{"line":59,"column":46}},"59":{"start":{"line":60,"column":0},"end":{"line":60,"column":9}},"61":{"start":{"line":62,"column":0},"end":{"line":62,"column":51}},"62":{"start":{"line":63,"column":0},"end":{"line":63,"column":25}},"63":{"start":{"line":64,"column":0},"end":{"line":64,"column":9}},"64":{"start":{"line":65,"column":0},"end":{"line":65,"column":27}},"65":{"start":{"line":66,"column":0},"end":{"line":66,"column":39}},"66":{"start":{"line":67,"column":0},"end":{"line":67,"column":68}},"67":{"start":{"line":68,"column":0},"end":{"line":68,"column":65}},"68":{"start":{"line":69,"column":0},"end":{"line":69,"column":49}},"69":{"start":{"line":70,"column":0},"end":{"line":70,"column":36}},"70":{"start":{"line":71,"column":0},"end":{"line":71,"column":60}},"71":{"start":{"line":72,"column":0},"end":{"line":72,"column":13}},"72":{"start":{"line":73,"column":0},"end":{"line":73,"column":24}},"73":{"start":{"line":74,"column":0},"end":{"line":74,"column":12}},"74":{"start":{"line":75,"column":0},"end":{"line":75,"column":10}},"75":{"start":{"line":76,"column":0},"end":{"line":76,"column":8}},"78":{"start":{"line":79,"column":0},"end":{"line":79,"column":66}},"81":{"start":{"line":82,"column":0},"end":{"line":82,"column":52}},"82":{"start":{"line":83,"column":0},"end":{"line":83,"column":38}},"83":{"start":{"line":84,"column":0},"end":{"line":84,"column":48}},"84":{"start":{"line":85,"column":0},"end":{"line":85,"column":8}},"85":{"start":{"line":86,"column":0},"end":{"line":86,"column":21}},"86":{"start":{"line":87,"column":0},"end":{"line":87,"column":60}},"87":{"start":{"line":88,"column":0},"end":{"line":88,"column":27}},"88":{"start":{"line":89,"column":0},"end":{"line":89,"column":13}},"89":{"start":{"line":90,"column":0},"end":{"line":90,"column":5}},"90":{"start":{"line":91,"column":0},"end":{"line":91,"column":65}},"91":{"start":{"line":92,"column":0},"end":{"line":92,"column":3}},"94":{"start":{"line":95,"column":0},"end":{"line":95,"column":14}},"95":{"start":{"line":96,"column":0},"end":{"line":96,"column":124}},"96":{"start":{"line":97,"column":0},"end":{"line":97,"column":4}},"97":{"start":{"line":98,"column":0},"end":{"line":98,"column":7}},"98":{"start":{"line":99,"column":0},"end":{"line":99,"column":36}},"99":{"start":{"line":100,"column":0},"end":{"line":100,"column":19}},"100":{"start":{"line":101,"column":0},"end":{"line":101,"column":25}},"101":{"start":{"line":102,"column":0},"end":{"line":102,"column":3}},"102":{"start":{"line":103,"column":0},"end":{"line":103,"column":1}}},"s":{"0":1,"10":0,"11":0,"13":0,"14":0,"15":0,"17":0,"20":0,"21":0,"22":0,"23":0,"24":0,"25":0,"26":0,"29":0,"30":0,"31":0,"32":0,"33":0,"34":0,"35":0,"37":0,"38":0,"39":0,"40":0,"41":0,"42":0,"43":0,"44":0,"45":0,"46":0,"47":0,"48":0,"49":0,"50":0,"51":0,"52":0,"53":0,"54":0,"56":0,"58":0,"59":0,"61":0,"62":0,"63":0,"64":0,"65":0,"66":0,"67":0,"68":0,"69":0,"70":0,"71":0,"72":0,"73":0,"74":0,"75":0,"78":0,"81":0,"82":0,"83":0,"84":0,"85":0,"86":0,"87":0,"88":0,"89":0,"90":0,"91":0,"94":0,"95":0,"96":0,"97":0,"98":0,"99":0,"100":0,"101":0,"102":0},"branchMap":{},"b":{},"fnMap":{"0":{"name":"startAction","decl":{"start":{"line":11,"column":0},"end":{"line":103,"column":1}},"loc":{"start":{"line":11,"column":0},"end":{"line":103,"column":1}},"line":11}},"f":{"0":0}}
,"/Users/canelito/projetos/genlayer/genlayer-cli/src/lib/clients/jsonRpcClient.ts": {"path":"/Users/canelito/projetos/genlayer/genlayer-cli/src/lib/clients/jsonRpcClient.ts","all":false,"statementMap":{"0":{"start":{"line":1,"column":0},"end":{"line":1,"column":31}},"10":{"start":{"line":11,"column":0},"end":{"line":11,"column":28}},"11":{"start":{"line":12,"column":0},"end":{"line":12,"column":20}},"13":{"start":{"line":14,"column":0},"end":{"line":14,"column":34}},"14":{"start":{"line":15,"column":0},"end":{"line":15,"column":31}},"15":{"start":{"line":16,"column":0},"end":{"line":16,"column":3}},"17":{"start":{"line":18,"column":0},"end":{"line":18,"column":71}},"18":{"start":{"line":19,"column":0},"end":{"line":19,"column":9}},"19":{"start":{"line":20,"column":0},"end":{"line":20,"column":52}},"20":{"start":{"line":21,"column":0},"end":{"line":21,"column":23}},"21":{"start":{"line":22,"column":0},"end":{"line":22,"column":18}},"22":{"start":{"line":23,"column":0},"end":{"line":23,"column":45}},"23":{"start":{"line":24,"column":0},"end":{"line":24,"column":10}},"24":{"start":{"line":25,"column":0},"end":{"line":25,"column":30}},"25":{"start":{"line":26,"column":0},"end":{"line":26,"column":25}},"26":{"start":{"line":27,"column":0},"end":{"line":27,"column":23}},"27":{"start":{"line":28,"column":0},"end":{"line":28,"column":17}},"28":{"start":{"line":29,"column":0},"end":{"line":29,"column":17}},"29":{"start":{"line":30,"column":0},"end":{"line":30,"column":11}},"30":{"start":{"line":31,"column":0},"end":{"line":31,"column":9}},"32":{"start":{"line":33,"column":0},"end":{"line":33,"column":24}},"33":{"start":{"line":34,"column":0},"end":{"line":34,"column":31}},"34":{"start":{"line":35,"column":0},"end":{"line":35,"column":7}},"35":{"start":{"line":36,"column":0},"end":{"line":36,"column":26}},"36":{"start":{"line":37,"column":0},"end":{"line":37,"column":55}},"37":{"start":{"line":38,"column":0},"end":{"line":38,"column":5}},"38":{"start":{"line":39,"column":0},"end":{"line":39,"column":16}},"39":{"start":{"line":40,"column":0},"end":{"line":40,"column":3}},"40":{"start":{"line":41,"column":0},"end":{"line":41,"column":1}},"41":{"start":{"line":42,"column":0},"end":{"line":42,"column":65}}},"s":{"0":1,"10":1,"11":2,"13":2,"14":2,"15":2,"17":2,"18":1,"19":1,"20":1,"21":1,"22":1,"23":1,"24":1,"25":1,"26":1,"27":1,"28":1,"29":1,"30":1,"32":0,"33":0,"34":0,"35":1,"36":1,"37":1,"38":0,"39":1,"40":2,"41":1},"branchMap":{"0":{"type":"branch","line":11,"loc":{"start":{"line":11,"column":7},"end":{"line":41,"column":1}},"locations":[{"start":{"line":11,"column":7},"end":{"line":41,"column":1}}]},"1":{"type":"branch","line":14,"loc":{"start":{"line":14,"column":2},"end":{"line":16,"column":3}},"locations":[{"start":{"line":14,"column":2},"end":{"line":16,"column":3}}]},"2":{"type":"branch","line":18,"loc":{"start":{"line":18,"column":2},"end":{"line":40,"column":3}},"locations":[{"start":{"line":18,"column":2},"end":{"line":40,"column":3}}]},"3":{"type":"branch","line":31,"loc":{"start":{"line":31,"column":7},"end":{"line":35,"column":7}},"locations":[{"start":{"line":31,"column":7},"end":{"line":35,"column":7}}]},"4":{"type":"branch","line":38,"loc":{"start":{"line":38,"column":4},"end":{"line":39,"column":16}},"locations":[{"start":{"line":38,"column":4},"end":{"line":39,"column":16}}]}},"b":{"0":[2],"1":[2],"2":[1],"3":[0],"4":[0]},"fnMap":{"0":{"name":"<instance_members_initializer>","decl":{"start":{"line":11,"column":7},"end":{"line":41,"column":1}},"loc":{"start":{"line":11,"column":7},"end":{"line":41,"column":1}},"line":11},"1":{"name":"JsonRpcClient","decl":{"start":{"line":14,"column":2},"end":{"line":16,"column":3}},"loc":{"start":{"line":14,"column":2},"end":{"line":16,"column":3}},"line":14},"2":{"name":"request","decl":{"start":{"line":18,"column":2},"end":{"line":40,"column":3}},"loc":{"start":{"line":18,"column":2},"end":{"line":40,"column":3}},"line":18}},"f":{"0":2,"1":2,"2":1}}
,"/Users/canelito/projetos/genlayer/genlayer-cli/src/lib/clients/system.ts": {"path":"/Users/canelito/projetos/genlayer/genlayer-cli/src/lib/clients/system.ts","all":false,"statementMap":{"0":{"start":{"line":1,"column":0},"end":{"line":1,"column":29}},"1":{"start":{"line":2,"column":0},"end":{"line":2,"column":67}},"9":{"start":{"line":10,"column":0},"end":{"line":10,"column":39}},"11":{"start":{"line":12,"column":0},"end":{"line":12,"column":86}},"12":{"start":{"line":13,"column":0},"end":{"line":13,"column":44}},"13":{"start":{"line":14,"column":0},"end":{"line":14,"column":15}},"14":{"start":{"line":15,"column":0},"end":{"line":15,"column":48}},"15":{"start":{"line":16,"column":0},"end":{"line":16,"column":3}},"16":{"start":{"line":17,"column":0},"end":{"line":17,"column":1}},"27":{"start":{"line":28,"column":0},"end":{"line":28,"column":31}},"28":{"start":{"line":29,"column":0},"end":{"line":29,"column":48}},"29":{"start":{"line":30,"column":0},"end":{"line":30,"column":20}},"30":{"start":{"line":31,"column":0},"end":{"line":31,"column":43}},"31":{"start":{"line":32,"column":0},"end":{"line":32,"column":40}},"32":{"start":{"line":33,"column":0},"end":{"line":33,"column":50}},"33":{"start":{"line":34,"column":0},"end":{"line":34,"column":7}},"34":{"start":{"line":35,"column":0},"end":{"line":35,"column":30}},"35":{"start":{"line":36,"column":0},"end":{"line":36,"column":24}},"36":{"start":{"line":37,"column":0},"end":{"line":37,"column":81}},"37":{"start":{"line":38,"column":0},"end":{"line":38,"column":3}},"38":{"start":{"line":39,"column":0},"end":{"line":39,"column":1}},"40":{"start":{"line":41,"column":0},"end":{"line":41,"column":44}},"41":{"start":{"line":42,"column":0},"end":{"line":42,"column":22}},"42":{"start":{"line":43,"column":0},"end":{"line":43,"column":1}},"44":{"start":{"line":45,"column":0},"end":{"line":45,"column":41}},"45":{"start":{"line":46,"column":0},"end":{"line":46,"column":62}},"46":{"start":{"line":47,"column":0},"end":{"line":47,"column":55}},"47":{"start":{"line":48,"column":0},"end":{"line":48,"column":65}},"48":{"start":{"line":49,"column":0},"end":{"line":49,"column":3}},"49":{"start":{"line":50,"column":0},"end":{"line":50,"column":25}},"50":{"start":{"line":51,"column":0},"end":{"line":51,"column":1}},"52":{"start":{"line":53,"column":0},"end":{"line":53,"column":61}},"53":{"start":{"line":54,"column":0},"end":{"line":54,"column":19}},"54":{"start":{"line":55,"column":0},"end":{"line":55,"column":1}},"56":{"start":{"line":57,"column":0},"end":{"line":57,"column":69}},"57":{"start":{"line":58,"column":0},"end":{"line":58,"column":7}},"58":{"start":{"line":59,"column":0},"end":{"line":59,"column":66}},"60":{"start":{"line":61,"column":0},"end":{"line":61,"column":30}},"61":{"start":{"line":62,"column":0},"end":{"line":62,"column":43}},"62":{"start":{"line":63,"column":0},"end":{"line":63,"column":5}},"64":{"start":{"line":65,"column":0},"end":{"line":65,"column":9}},"65":{"start":{"line":66,"column":0},"end":{"line":66,"column":72}},"66":{"start":{"line":67,"column":0},"end":{"line":67,"column":25}},"67":{"start":{"line":68,"column":0},"end":{"line":68,"column":31}},"68":{"start":{"line":69,"column":0},"end":{"line":69,"column":7}},"69":{"start":{"line":70,"column":0},"end":{"line":70,"column":19}},"70":{"start":{"line":71,"column":0},"end":{"line":71,"column":62}},"71":{"start":{"line":72,"column":0},"end":{"line":72,"column":5}},"72":{"start":{"line":73,"column":0},"end":{"line":73,"column":19}},"73":{"start":{"line":74,"column":0},"end":{"line":74,"column":58}},"74":{"start":{"line":75,"column":0},"end":{"line":75,"column":3}},"76":{"start":{"line":77,"column":0},"end":{"line":77,"column":12}},"77":{"start":{"line":78,"column":0},"end":{"line":78,"column":1}},"79":{"start":{"line":80,"column":0},"end":{"line":80,"column":65}},"80":{"start":{"line":81,"column":0},"end":{"line":81,"column":7}},"81":{"start":{"line":82,"column":0},"end":{"line":82,"column":81}},"82":{"start":{"line":83,"column":0},"end":{"line":83,"column":63}},"83":{"start":{"line":84,"column":0},"end":{"line":84,"column":28}},"84":{"start":{"line":85,"column":0},"end":{"line":85,"column":19}},"85":{"start":{"line":86,"column":0},"end":{"line":86,"column":56}},"86":{"start":{"line":87,"column":0},"end":{"line":87,"column":3}},"87":{"start":{"line":88,"column":0},"end":{"line":88,"column":12}},"88":{"start":{"line":89,"column":0},"end":{"line":89,"column":1}},"90":{"start":{"line":91,"column":0},"end":{"line":91,"column":61}},"91":{"start":{"line":92,"column":0},"end":{"line":92,"column":7}},"92":{"start":{"line":93,"column":0},"end":{"line":93,"column":87}},"93":{"start":{"line":94,"column":0},"end":{"line":94,"column":59}},"94":{"start":{"line":95,"column":0},"end":{"line":95,"column":24}},"95":{"start":{"line":96,"column":0},"end":{"line":96,"column":19}},"96":{"start":{"line":97,"column":0},"end":{"line":97,"column":52}},"97":{"start":{"line":98,"column":0},"end":{"line":98,"column":3}},"98":{"start":{"line":99,"column":0},"end":{"line":99,"column":12}},"99":{"start":{"line":100,"column":0},"end":{"line":100,"column":1}},"101":{"start":{"line":102,"column":0},"end":{"line":102,"column":81}},"102":{"start":{"line":103,"column":0},"end":{"line":103,"column":7}},"103":{"start":{"line":104,"column":0},"end":{"line":104,"column":52}},"104":{"start":{"line":105,"column":0},"end":{"line":105,"column":19}},"105":{"start":{"line":106,"column":0},"end":{"line":106,"column":73}},"106":{"start":{"line":107,"column":0},"end":{"line":107,"column":3}},"107":{"start":{"line":108,"column":0},"end":{"line":108,"column":1}},"109":{"start":{"line":110,"column":0},"end":{"line":110,"column":68}},"110":{"start":{"line":111,"column":0},"end":{"line":111,"column":7}},"111":{"start":{"line":112,"column":0},"end":{"line":112,"column":50}},"112":{"start":{"line":113,"column":0},"end":{"line":113,"column":19}},"113":{"start":{"line":114,"column":0},"end":{"line":114,"column":66}},"114":{"start":{"line":115,"column":0},"end":{"line":115,"column":3}},"115":{"start":{"line":116,"column":0},"end":{"line":116,"column":1}},"117":{"start":{"line":118,"column":0},"end":{"line":118,"column":60}},"118":{"start":{"line":119,"column":0},"end":{"line":119,"column":7}},"119":{"start":{"line":120,"column":0},"end":{"line":120,"column":47}},"120":{"start":{"line":121,"column":0},"end":{"line":121,"column":19}},"121":{"start":{"line":122,"column":0},"end":{"line":122,"column":58}},"122":{"start":{"line":123,"column":0},"end":{"line":123,"column":3}},"123":{"start":{"line":124,"column":0},"end":{"line":124,"column":1}}},"s":{"0":1,"1":1,"9":1,"11":24,"12":24,"13":24,"14":0,"15":0,"16":24,"27":1,"28":20,"29":20,"30":20,"31":20,"32":20,"33":20,"34":20,"35":20,"36":0,"37":0,"38":20,"40":1,"41":24,"42":24,"44":20,"45":20,"46":20,"47":0,"48":0,"49":20,"50":20,"52":1,"53":0,"54":0,"56":30,"57":30,"58":30,"60":30,"61":0,"62":0,"64":30,"65":30,"66":30,"67":30,"68":30,"69":30,"70":0,"71":0,"72":30,"73":0,"74":0,"76":0,"77":0,"79":4,"80":4,"81":4,"82":4,"83":4,"84":4,"85":0,"86":0,"87":0,"88":0,"90":4,"91":4,"92":4,"93":4,"94":4,"95":4,"96":0,"97":0,"98":0,"99":0,"101":0,"102":0,"103":0,"104":0,"105":0,"106":0,"107":0,"109":0,"110":0,"111":0,"112":0,"113":0,"114":0,"115":0,"117":0,"118":0,"119":0,"120":0,"121":0,"122":0,"123":0},"branchMap":{"0":{"type":"branch","line":12,"loc":{"start":{"line":12,"column":0},"end":{"line":17,"column":1}},"locations":[{"start":{"line":12,"column":0},"end":{"line":17,"column":1}}]},"1":{"type":"branch","line":14,"loc":{"start":{"line":14,"column":14},"end":{"line":16,"column":3}},"locations":[{"start":{"line":14,"column":14},"end":{"line":16,"column":3}}]},"2":{"type":"branch","line":28,"loc":{"start":{"line":28,"column":7},"end":{"line":39,"column":1}},"locations":[{"start":{"line":28,"column":7},"end":{"line":39,"column":1}}]},"3":{"type":"branch","line":36,"loc":{"start":{"line":36,"column":2},"end":{"line":38,"column":3}},"locations":[{"start":{"line":36,"column":2},"end":{"line":38,"column":3}}]},"4":{"type":"branch","line":41,"loc":{"start":{"line":41,"column":7},"end":{"line":43,"column":1}},"locations":[{"start":{"line":41,"column":7},"end":{"line":43,"column":1}}]},"5":{"type":"branch","line":45,"loc":{"start":{"line":45,"column":0},"end":{"line":51,"column":1}},"locations":[{"start":{"line":45,"column":0},"end":{"line":51,"column":1}}]},"6":{"type":"branch","line":47,"loc":{"start":{"line":47,"column":54},"end":{"line":49,"column":3}},"locations":[{"start":{"line":47,"column":54},"end":{"line":49,"column":3}}]},"7":{"type":"branch","line":57,"loc":{"start":{"line":57,"column":0},"end":{"line":78,"column":1}},"locations":[{"start":{"line":57,"column":0},"end":{"line":78,"column":1}}]},"8":{"type":"branch","line":61,"loc":{"start":{"line":61,"column":29},"end":{"line":63,"column":5}},"locations":[{"start":{"line":61,"column":29},"end":{"line":63,"column":5}}]},"9":{"type":"branch","line":70,"loc":{"start":{"line":70,"column":4},"end":{"line":72,"column":5}},"locations":[{"start":{"line":70,"column":4},"end":{"line":72,"column":5}}]},"10":{"type":"branch","line":73,"loc":{"start":{"line":73,"column":2},"end":{"line":78,"column":1}},"locations":[{"start":{"line":73,"column":2},"end":{"line":78,"column":1}}]},"11":{"type":"branch","line":80,"loc":{"start":{"line":80,"column":0},"end":{"line":89,"column":1}},"locations":[{"start":{"line":80,"column":0},"end":{"line":89,"column":1}}]},"12":{"type":"branch","line":85,"loc":{"start":{"line":85,"column":2},"end":{"line":89,"column":1}},"locations":[{"start":{"line":85,"column":2},"end":{"line":89,"column":1}}]},"13":{"type":"branch","line":91,"loc":{"start":{"line":91,"column":0},"end":{"line":100,"column":1}},"locations":[{"start":{"line":91,"column":0},"end":{"line":100,"column":1}}]},"14":{"type":"branch","line":96,"loc":{"start":{"line":96,"column":2},"end":{"line":100,"column":1}},"locations":[{"start":{"line":96,"column":2},"end":{"line":100,"column":1}}]}},"b":{"0":[24],"1":[0],"2":[20],"3":[0],"4":[24],"5":[20],"6":[0],"7":[30],"8":[0],"9":[0],"10":[0],"11":[4],"12":[0],"13":[4],"14":[0]},"fnMap":{"0":{"name":"checkCommand","decl":{"start":{"line":12,"column":0},"end":{"line":17,"column":1}},"loc":{"start":{"line":12,"column":0},"end":{"line":17,"column":1}},"line":12},"1":{"name":"executeCommand","decl":{"start":{"line":28,"column":7},"end":{"line":39,"column":1}},"loc":{"start":{"line":28,"column":7},"end":{"line":39,"column":1}},"line":28},"2":{"name":"getHomeDirectory","decl":{"start":{"line":41,"column":7},"end":{"line":43,"column":1}},"loc":{"start":{"line":41,"column":7},"end":{"line":43,"column":1}},"line":41},"3":{"name":"getPlatform","decl":{"start":{"line":45,"column":0},"end":{"line":51,"column":1}},"loc":{"start":{"line":45,"column":0},"end":{"line":51,"column":1}},"line":45},"4":{"name":"openUrl","decl":{"start":{"line":53,"column":7},"end":{"line":55,"column":1}},"loc":{"start":{"line":53,"column":7},"end":{"line":55,"column":1}},"line":53},"5":{"name":"getVersion","decl":{"start":{"line":57,"column":0},"end":{"line":78,"column":1}},"loc":{"start":{"line":57,"column":0},"end":{"line":78,"column":1}},"line":57},"6":{"name":"listDockerContainers","decl":{"start":{"line":80,"column":0},"end":{"line":89,"column":1}},"loc":{"start":{"line":80,"column":0},"end":{"line":89,"column":1}},"line":80},"7":{"name":"listDockerImages","decl":{"start":{"line":91,"column":0},"end":{"line":100,"column":1}},"loc":{"start":{"line":91,"column":0},"end":{"line":100,"column":1}},"line":91},"8":{"name":"stopDockerContainer","decl":{"start":{"line":102,"column":0},"end":{"line":108,"column":1}},"loc":{"start":{"line":102,"column":0},"end":{"line":108,"column":1}},"line":102},"9":{"name":"removeDockerContainer","decl":{"start":{"line":110,"column":0},"end":{"line":116,"column":1}},"loc":{"start":{"line":110,"column":0},"end":{"line":116,"column":1}},"line":110},"10":{"name":"removeDockerImage","decl":{"start":{"line":118,"column":0},"end":{"line":124,"column":1}},"loc":{"start":{"line":118,"column":0},"end":{"line":124,"column":1}},"line":118}},"f":{"0":24,"1":20,"2":24,"3":20,"4":0,"5":30,"6":4,"7":4,"8":0,"9":0,"10":0}}
,"/Users/canelito/projetos/genlayer/genlayer-cli/src/lib/config/simulator.ts": {"path":"/Users/canelito/projetos/genlayer/genlayer-cli/src/lib/config/simulator.ts","all":false,"statementMap":{"0":{"start":{"line":1,"column":0},"end":{"line":1,"column":64}},"1":{"start":{"line":2,"column":0},"end":{"line":2,"column":88}},"2":{"start":{"line":3,"column":0},"end":{"line":3,"column":78}},"3":{"start":{"line":4,"column":0},"end":{"line":4,"column":78}},"4":{"start":{"line":5,"column":0},"end":{"line":5,"column":139}},"5":{"start":{"line":6,"column":0},"end":{"line":6,"column":111}},"6":{"start":{"line":7,"column":0},"end":{"line":7,"column":147}},"7":{"start":{"line":8,"column":0},"end":{"line":8,"column":3}},"8":{"start":{"line":9,"column":0},"end":{"line":9,"column":76}},"9":{"start":{"line":10,"column":0},"end":{"line":10,"column":77}},"10":{"start":{"line":11,"column":0},"end":{"line":11,"column":79}},"11":{"start":{"line":12,"column":0},"end":{"line":12,"column":76}},"12":{"start":{"line":13,"column":0},"end":{"line":13,"column":3}},"13":{"start":{"line":14,"column":0},"end":{"line":14,"column":43}},"14":{"start":{"line":15,"column":0},"end":{"line":15,"column":27}},"15":{"start":{"line":16,"column":0},"end":{"line":16,"column":76}},"16":{"start":{"line":17,"column":0},"end":{"line":17,"column":39}},"17":{"start":{"line":18,"column":0},"end":{"line":18,"column":2}},"19":{"start":{"line":20,"column":0},"end":{"line":20,"column":37}},"20":{"start":{"line":21,"column":0},"end":{"line":21,"column":19}},"21":{"start":{"line":22,"column":0},"end":{"line":22,"column":17}},"22":{"start":{"line":23,"column":0},"end":{"line":23,"column":2}},"24":{"start":{"line":25,"column":0},"end":{"line":25,"column":73}},"26":{"start":{"line":27,"column":0},"end":{"line":27,"column":48}},"27":{"start":{"line":28,"column":0},"end":{"line":28,"column":45}},"35":{"start":{"line":36,"column":0},"end":{"line":36,"column":59}},"36":{"start":{"line":37,"column":0},"end":{"line":37,"column":11}},"37":{"start":{"line":38,"column":0},"end":{"line":38,"column":19}},"38":{"start":{"line":39,"column":0},"end":{"line":39,"column":69}},"39":{"start":{"line":40,"column":0},"end":{"line":40,"column":29}},"40":{"start":{"line":41,"column":0},"end":{"line":41,"column":4}},"41":{"start":{"line":42,"column":0},"end":{"line":42,"column":11}},"42":{"start":{"line":43,"column":0},"end":{"line":43,"column":19}},"43":{"start":{"line":44,"column":0},"end":{"line":44,"column":57}},"44":{"start":{"line":45,"column":0},"end":{"line":45,"column":24}},"45":{"start":{"line":46,"column":0},"end":{"line":46,"column":29}},"46":{"start":{"line":47,"column":0},"end":{"line":47,"column":4}},"47":{"start":{"line":48,"column":0},"end":{"line":48,"column":14}},"48":{"start":{"line":49,"column":0},"end":{"line":49,"column":20}},"49":{"start":{"line":50,"column":0},"end":{"line":50,"column":139}},"50":{"start":{"line":51,"column":0},"end":{"line":51,"column":30}},"51":{"start":{"line":52,"column":0},"end":{"line":52,"column":32}},"52":{"start":{"line":53,"column":0},"end":{"line":53,"column":4}},"53":{"start":{"line":54,"column":0},"end":{"line":54,"column":2}}},"s":{"0":1,"1":1,"2":1,"3":1,"4":0,"5":0,"6":0,"7":0,"8":1,"9":0,"10":0,"11":0,"12":0,"13":1,"14":1,"15":1,"16":1,"17":1,"19":1,"20":1,"21":1,"22":1,"24":1,"26":1,"27":1,"35":1,"36":1,"37":1,"38":1,"39":1,"40":1,"41":1,"42":1,"43":1,"44":1,"45":1,"46":1,"47":1,"48":1,"49":1,"50":1,"51":1,"52":1,"53":1},"branchMap":{},"b":{},"fnMap":{"0":{"name":"DEFAULT_RUN_SIMULATOR_COMMAND","decl":{"start":{"line":4,"column":45},"end":{"line":8,"column":3}},"loc":{"start":{"line":4,"column":45},"end":{"line":8,"column":3}},"line":4},"1":{"name":"DEFAULT_PULL_OLLAMA_COMMAND","decl":{"start":{"line":9,"column":43},"end":{"line":13,"column":3}},"loc":{"start":{"line":9,"column":43},"end":{"line":13,"column":3}},"line":9}},"f":{"0":0,"1":0}}
,"/Users/canelito/projetos/genlayer/genlayer-cli/src/lib/config/text.ts": {"path":"/Users/canelito/projetos/genlayer/genlayer-cli/src/lib/config/text.ts","all":true,"statementMap":{"0":{"start":{"line":1,"column":0},"end":{"line":1,"column":30}},"1":{"start":{"line":2,"column":0},"end":{"line":2,"column":251}}},"s":{"0":0,"1":0},"branchMap":{"0":{"type":"branch","line":1,"loc":{"start":{"line":1,"column":282},"end":{"line":2,"column":251}},"locations":[{"start":{"line":1,"column":282},"end":{"line":2,"column":251}}]}},"b":{"0":[0]},"fnMap":{"0":{"name":"(empty-report)","decl":{"start":{"line":1,"column":282},"end":{"line":2,"column":251}},"loc":{"start":{"line":1,"column":282},"end":{"line":2,"column":251}},"line":1}},"f":{"0":0}}
,"/Users/canelito/projetos/genlayer/genlayer-cli/src/lib/errors/jsonRpcClientError.ts": {"path":"/Users/canelito/projetos/genlayer/genlayer-cli/src/lib/errors/jsonRpcClientError.ts","all":true,"statementMap":{"0":{"start":{"line":1,"column":0},"end":{"line":1,"column":52}},"1":{"start":{"line":2,"column":0},"end":{"line":2,"column":22}},"3":{"start":{"line":4,"column":0},"end":{"line":4,"column":36}},"4":{"start":{"line":5,"column":0},"end":{"line":5,"column":77}},"5":{"start":{"line":6,"column":0},"end":{"line":6,"column":37}},"6":{"start":{"line":7,"column":0},"end":{"line":7,"column":35}},"7":{"start":{"line":8,"column":0},"end":{"line":8,"column":3}},"8":{"start":{"line":9,"column":0},"end":{"line":9,"column":1}}},"s":{"0":0,"1":0,"3":0,"4":0,"5":0,"6":0,"7":0,"8":0},"branchMap":{"0":{"type":"branch","line":1,"loc":{"start":{"line":1,"column":271},"end":{"line":9,"column":1}},"locations":[{"start":{"line":1,"column":271},"end":{"line":9,"column":1}}]}},"b":{"0":[0]},"fnMap":{"0":{"name":"(empty-report)","decl":{"start":{"line":1,"column":271},"end":{"line":9,"column":1}},"loc":{"start":{"line":1,"column":271},"end":{"line":9,"column":1}},"line":1}},"f":{"0":0}}
,"/Users/canelito/projetos/genlayer/genlayer-cli/src/lib/errors/missingRequirement.ts": {"path":"/Users/canelito/projetos/genlayer/genlayer-cli/src/lib/errors/missingRequirement.ts","all":false,"statementMap":{"0":{"start":{"line":1,"column":0},"end":{"line":1,"column":52}},"1":{"start":{"line":2,"column":0},"end":{"line":2,"column":22}},"3":{"start":{"line":4,"column":0},"end":{"line":4,"column":36}},"4":{"start":{"line":5,"column":0},"end":{"line":5,"column":77}},"5":{"start":{"line":6,"column":0},"end":{"line":6,"column":37}},"6":{"start":{"line":7,"column":0},"end":{"line":7,"column":35}},"7":{"start":{"line":8,"column":0},"end":{"line":8,"column":3}},"8":{"start":{"line":9,"column":0},"end":{"line":9,"column":1}}},"s":{"0":1,"1":0,"3":0,"4":0,"5":0,"6":0,"7":0,"8":0},"branchMap":{},"b":{},"fnMap":{"0":{"name":"<instance_members_initializer>","decl":{"start":{"line":1,"column":7},"end":{"line":9,"column":1}},"loc":{"start":{"line":1,"column":7},"end":{"line":9,"column":1}},"line":1}},"f":{"0":0}}
,"/Users/canelito/projetos/genlayer/genlayer-cli/src/lib/errors/versionRequired.ts": {"path":"/Users/canelito/projetos/genlayer/genlayer-cli/src/lib/errors/versionRequired.ts","all":false,"statementMap":{"0":{"start":{"line":1,"column":0},"end":{"line":1,"column":49}},"1":{"start":{"line":2,"column":0},"end":{"line":2,"column":15}},"3":{"start":{"line":4,"column":0},"end":{"line":4,"column":54}},"4":{"start":{"line":5,"column":0},"end":{"line":5,"column":94}},"5":{"start":{"line":6,"column":0},"end":{"line":6,"column":34}},"6":{"start":{"line":7,"column":0},"end":{"line":7,"column":21}},"7":{"start":{"line":8,"column":0},"end":{"line":8,"column":3}},"8":{"start":{"line":9,"column":0},"end":{"line":9,"column":1}}},"s":{"0":1,"1":0,"3":0,"4":0,"5":0,"6":0,"7":0,"8":0},"branchMap":{},"b":{},"fnMap":{"0":{"name":"<instance_members_initializer>","decl":{"start":{"line":1,"column":7},"end":{"line":9,"column":1}},"loc":{"start":{"line":1,"column":7},"end":{"line":9,"column":1}},"line":1}},"f":{"0":0}}
,"/Users/canelito/projetos/genlayer/genlayer-cli/src/lib/interfaces/ISimulatorService.ts": {"path":"/Users/canelito/projetos/genlayer/genlayer-cli/src/lib/interfaces/ISimulatorService.ts","all":true,"statementMap":{},"s":{},"branchMap":{"0":{"type":"branch","line":1,"loc":{"start":{"line":1,"column":1421},"end":{"line":37,"column":2}},"locations":[{"start":{"line":1,"column":1421},"end":{"line":37,"column":2}}]}},"b":{"0":[1]},"fnMap":{"0":{"name":"(empty-report)","decl":{"start":{"line":1,"column":1421},"end":{"line":37,"column":2}},"loc":{"start":{"line":1,"column":1421},"end":{"line":37,"column":2}},"line":1}},"f":{"0":1}}
,"/Users/canelito/projetos/genlayer/genlayer-cli/src/lib/services/simulator.ts": {"path":"/Users/canelito/projetos/genlayer/genlayer-cli/src/lib/services/simulator.ts","all":false,"statementMap":{"0":{"start":{"line":1,"column":0},"end":{"line":1,"column":25}},"40":{"start":{"line":41,"column":0},"end":{"line":41,"column":54}},"41":{"start":{"line":42,"column":0},"end":{"line":42,"column":68}},"42":{"start":{"line":43,"column":0},"end":{"line":43,"column":1}},"44":{"start":{"line":45,"column":0},"end":{"line":45,"column":60}},"45":{"start":{"line":46,"column":0},"end":{"line":46,"column":41}},"46":{"start":{"line":47,"column":0},"end":{"line":47,"column":63}},"47":{"start":{"line":48,"column":0},"end":{"line":48,"column":3}},"49":{"start":{"line":50,"column":0},"end":{"line":50,"column":50}},"50":{"start":{"line":51,"column":0},"end":{"line":51,"column":58}},"51":{"start":{"line":52,"column":0},"end":{"line":52,"column":61}},"53":{"start":{"line":54,"column":0},"end":{"line":54,"column":73}},"54":{"start":{"line":55,"column":0},"end":{"line":55,"column":26}},"55":{"start":{"line":56,"column":0},"end":{"line":56,"column":3}},"57":{"start":{"line":58,"column":0},"end":{"line":58,"column":70}},"58":{"start":{"line":59,"column":0},"end":{"line":59,"column":58}},"59":{"start":{"line":60,"column":0},"end":{"line":60,"column":61}},"62":{"start":{"line":63,"column":0},"end":{"line":63,"column":73}},"65":{"start":{"line":66,"column":0},"end":{"line":66,"column":73}},"66":{"start":{"line":67,"column":0},"end":{"line":67,"column":43}},"67":{"start":{"line":68,"column":0},"end":{"line":68,"column":38}},"68":{"start":{"line":69,"column":0},"end":{"line":69,"column":7}},"71":{"start":{"line":72,"column":0},"end":{"line":72,"column":48}},"72":{"start":{"line":73,"column":0},"end":{"line":73,"column":19}},"73":{"start":{"line":74,"column":0},"end":{"line":74,"column":42}},"74":{"start":{"line":75,"column":0},"end":{"line":75,"column":8}},"75":{"start":{"line":76,"column":0},"end":{"line":76,"column":18}},"78":{"start":{"line":79,"column":0},"end":{"line":79,"column":49}},"79":{"start":{"line":80,"column":0},"end":{"line":80,"column":3}},"81":{"start":{"line":82,"column":0},"end":{"line":82,"column":77}},"82":{"start":{"line":83,"column":0},"end":{"line":83,"column":35}},"83":{"start":{"line":84,"column":0},"end":{"line":84,"column":17}},"84":{"start":{"line":85,"column":0},"end":{"line":85,"column":20}},"85":{"start":{"line":86,"column":0},"end":{"line":86,"column":6}},"87":{"start":{"line":88,"column":0},"end":{"line":88,"column":9}},"88":{"start":{"line":89,"column":0},"end":{"line":89,"column":49}},"89":{"start":{"line":90,"column":0},"end":{"line":90,"column":39}},"90":{"start":{"line":91,"column":0},"end":{"line":91,"column":21}},"91":{"start":{"line":92,"column":0},"end":{"line":92,"column":56}},"92":{"start":{"line":93,"column":0},"end":{"line":93,"column":20}},"93":{"start":{"line":94,"column":0},"end":{"line":94,"column":7}},"94":{"start":{"line":95,"column":0},"end":{"line":95,"column":5}},"96":{"start":{"line":97,"column":0},"end":{"line":97,"column":9}},"97":{"start":{"line":98,"column":0},"end":{"line":98,"column":55}},"98":{"start":{"line":99,"column":0},"end":{"line":99,"column":42}},"99":{"start":{"line":100,"column":0},"end":{"line":100,"column":26}},"100":{"start":{"line":101,"column":0},"end":{"line":101,"column":56}},"101":{"start":{"line":102,"column":0},"end":{"line":102,"column":20}},"102":{"start":{"line":103,"column":0},"end":{"line":103,"column":7}},"103":{"start":{"line":104,"column":0},"end":{"line":104,"column":5}},"105":{"start":{"line":106,"column":0},"end":{"line":106,"column":39}},"106":{"start":{"line":107,"column":0},"end":{"line":107,"column":11}},"107":{"start":{"line":108,"column":0},"end":{"line":108,"column":50}},"108":{"start":{"line":109,"column":0},"end":{"line":109,"column":28}},"109":{"start":{"line":110,"column":0},"end":{"line":110,"column":57}},"110":{"start":{"line":111,"column":0},"end":{"line":111,"column":7}},"111":{"start":{"line":112,"column":0},"end":{"line":112,"column":5}},"113":{"start":{"line":114,"column":0},"end":{"line":114,"column":33}},"114":{"start":{"line":115,"column":0},"end":{"line":115,"column":3}},"116":{"start":{"line":117,"column":0},"end":{"line":117,"column":76}},"117":{"start":{"line":118,"column":0},"end":{"line":118,"column":29}},"118":{"start":{"line":119,"column":0},"end":{"line":119,"column":17}},"119":{"start":{"line":120,"column":0},"end":{"line":120,"column":15}},"120":{"start":{"line":121,"column":0},"end":{"line":121,"column":6}},"122":{"start":{"line":123,"column":0},"end":{"line":123,"column":9}},"123":{"start":{"line":124,"column":0},"end":{"line":124,"column":65}},"124":{"start":{"line":125,"column":0},"end":{"line":125,"column":26}},"125":{"start":{"line":126,"column":0},"end":{"line":126,"column":55}},"126":{"start":{"line":127,"column":0},"end":{"line":127,"column":53}},"127":{"start":{"line":128,"column":0},"end":{"line":128,"column":20}},"128":{"start":{"line":129,"column":0},"end":{"line":129,"column":7}},"129":{"start":{"line":130,"column":0},"end":{"line":130,"column":5}},"131":{"start":{"line":132,"column":0},"end":{"line":132,"column":9}},"132":{"start":{"line":133,"column":0},"end":{"line":133,"column":69}},"133":{"start":{"line":134,"column":0},"end":{"line":134,"column":26}},"134":{"start":{"line":135,"column":0},"end":{"line":135,"column":59}},"135":{"start":{"line":136,"column":0},"end":{"line":136,"column":53}},"136":{"start":{"line":137,"column":0},"end":{"line":137,"column":20}},"137":{"start":{"line":138,"column":0},"end":{"line":138,"column":7}},"138":{"start":{"line":139,"column":0},"end":{"line":139,"column":5}},"140":{"start":{"line":141,"column":0},"end":{"line":141,"column":27}},"141":{"start":{"line":142,"column":0},"end":{"line":142,"column":3}},"143":{"start":{"line":144,"column":0},"end":{"line":144,"column":82}},"144":{"start":{"line":145,"column":0},"end":{"line":145,"column":47}},"146":{"start":{"line":147,"column":0},"end":{"line":147,"column":56}},"147":{"start":{"line":148,"column":0},"end":{"line":148,"column":59}},"148":{"start":{"line":149,"column":0},"end":{"line":149,"column":5}},"149":{"start":{"line":150,"column":0},"end":{"line":150,"column":3}},"151":{"start":{"line":152,"column":0},"end":{"line":152,"column":97}},"152":{"start":{"line":153,"column":0},"end":{"line":153,"column":58}},"154":{"start":{"line":155,"column":0},"end":{"line":155,"column":9}},"155":{"start":{"line":156,"column":0},"end":{"line":156,"column":94}},"156":{"start":{"line":157,"column":0},"end":{"line":157,"column":88}},"157":{"start":{"line":158,"column":0},"end":{"line":158,"column":50}},"158":{"start":{"line":159,"column":0},"end":{"line":159,"column":26}},"159":{"start":{"line":160,"column":0},"end":{"line":160,"column":71}},"160":{"start":{"line":161,"column":0},"end":{"line":161,"column":36}},"161":{"start":{"line":162,"column":0},"end":{"line":162,"column":36}},"162":{"start":{"line":163,"column":0},"end":{"line":163,"column":7}},"163":{"start":{"line":164,"column":0},"end":{"line":164,"column":18}},"164":{"start":{"line":165,"column":0},"end":{"line":165,"column":5}},"165":{"start":{"line":166,"column":0},"end":{"line":166,"column":33}},"166":{"start":{"line":167,"column":0},"end":{"line":167,"column":3}},"168":{"start":{"line":169,"column":0},"end":{"line":169,"column":75}},"169":{"start":{"line":170,"column":0},"end":{"line":170,"column":58}},"170":{"start":{"line":171,"column":0},"end":{"line":171,"column":70}},"171":{"start":{"line":172,"column":0},"end":{"line":172,"column":106}},"172":{"start":{"line":173,"column":0},"end":{"line":173,"column":53}},"174":{"start":{"line":175,"column":0},"end":{"line":175,"column":67}},"175":{"start":{"line":176,"column":0},"end":{"line":176,"column":106}},"176":{"start":{"line":177,"column":0},"end":{"line":177,"column":53}},"178":{"start":{"line":179,"column":0},"end":{"line":179,"column":83}},"179":{"start":{"line":180,"column":0},"end":{"line":180,"column":36}},"180":{"start":{"line":181,"column":0},"end":{"line":181,"column":33}},"181":{"start":{"line":182,"column":0},"end":{"line":182,"column":32}},"182":{"start":{"line":183,"column":0},"end":{"line":183,"column":32}},"183":{"start":{"line":184,"column":0},"end":{"line":184,"column":6}},"184":{"start":{"line":185,"column":0},"end":{"line":185,"column":56}},"186":{"start":{"line":187,"column":0},"end":{"line":187,"column":65}},"187":{"start":{"line":188,"column":0},"end":{"line":188,"column":102}},"188":{"start":{"line":189,"column":0},"end":{"line":189,"column":52}},"189":{"start":{"line":190,"column":0},"end":{"line":190,"column":16}},"190":{"start":{"line":191,"column":0},"end":{"line":191,"column":3}},"192":{"start":{"line":193,"column":0},"end":{"line":193,"column":52}},"193":{"start":{"line":194,"column":0},"end":{"line":194,"column":58}},"194":{"start":{"line":195,"column":0},"end":{"line":195,"column":74}},"195":{"start":{"line":196,"column":0},"end":{"line":196,"column":41}},"196":{"start":{"line":197,"column":0},"end":{"line":197,"column":16}},"197":{"start":{"line":198,"column":0},"end":{"line":198,"column":3}},"199":{"start":{"line":200,"column":0},"end":{"line":200,"column":85}},"200":{"start":{"line":201,"column":0},"end":{"line":201,"column":58}},"201":{"start":{"line":202,"column":0},"end":{"line":202,"column":68}},"202":{"start":{"line":203,"column":0},"end":{"line":203,"column":61}},"203":{"start":{"line":204,"column":0},"end":{"line":204,"column":45}},"204":{"start":{"line":205,"column":0},"end":{"line":205,"column":39}},"205":{"start":{"line":206,"column":0},"end":{"line":206,"column":16}},"206":{"start":{"line":207,"column":0},"end":{"line":207,"column":3}},"208":{"start":{"line":209,"column":0},"end":{"line":209,"column":68}},"209":{"start":{"line":210,"column":0},"end":{"line":210,"column":58}},"210":{"start":{"line":211,"column":0},"end":{"line":211,"column":80}},"211":{"start":{"line":212,"column":0},"end":{"line":212,"column":46}},"212":{"start":{"line":213,"column":0},"end":{"line":213,"column":3}},"214":{"start":{"line":215,"column":0},"end":{"line":215,"column":41}},"215":{"start":{"line":216,"column":0},"end":{"line":216,"column":48}},"216":{"start":{"line":217,"column":0},"end":{"line":217,"column":51}},"217":{"start":{"line":218,"column":0},"end":{"line":218,"column":60}},"218":{"start":{"line":219,"column":0},"end":{"line":219,"column":9}},"219":{"start":{"line":220,"column":0},"end":{"line":220,"column":77}},"222":{"start":{"line":223,"column":0},"end":{"line":223,"column":126}},"223":{"start":{"line":224,"column":0},"end":{"line":224,"column":35}},"224":{"start":{"line":225,"column":0},"end":{"line":225,"column":7}},"225":{"start":{"line":226,"column":0},"end":{"line":226,"column":24}},"226":{"start":{"line":227,"column":0},"end":{"line":227,"column":49}},"227":{"start":{"line":228,"column":0},"end":{"line":228,"column":59}},"228":{"start":{"line":229,"column":0},"end":{"line":229,"column":7}},"229":{"start":{"line":230,"column":0},"end":{"line":230,"column":26}},"230":{"start":{"line":231,"column":0},"end":{"line":231,"column":10}},"231":{"start":{"line":232,"column":0},"end":{"line":232,"column":39}},"232":{"start":{"line":233,"column":0},"end":{"line":233,"column":50}},"233":{"start":{"line":234,"column":0},"end":{"line":234,"column":49}},"234":{"start":{"line":235,"column":0},"end":{"line":235,"column":51}},"235":{"start":{"line":236,"column":0},"end":{"line":236,"column":54}},"236":{"start":{"line":237,"column":0},"end":{"line":237,"column":19}},"237":{"start":{"line":238,"column":0},"end":{"line":238,"column":9}},"238":{"start":{"line":239,"column":0},"end":{"line":239,"column":53}},"239":{"start":{"line":240,"column":0},"end":{"line":240,"column":59}},"240":{"start":{"line":241,"column":0},"end":{"line":241,"column":7}},"241":{"start":{"line":242,"column":0},"end":{"line":242,"column":83}},"242":{"start":{"line":243,"column":0},"end":{"line":243,"column":5}},"244":{"start":{"line":245,"column":0},"end":{"line":245,"column":54}},"245":{"start":{"line":246,"column":0},"end":{"line":246,"column":3}},"247":{"start":{"line":248,"column":0},"end":{"line":248,"column":99}},"248":{"start":{"line":249,"column":0},"end":{"line":249,"column":30}},"249":{"start":{"line":250,"column":0},"end":{"line":250,"column":41}},"250":{"start":{"line":251,"column":0},"end":{"line":251,"column":51}},"251":{"start":{"line":252,"column":0},"end":{"line":252,"column":7}},"252":{"start":{"line":253,"column":0},"end":{"line":253,"column":3}},"254":{"start":{"line":255,"column":0},"end":{"line":255,"column":46}},"255":{"start":{"line":256,"column":0},"end":{"line":256,"column":76}},"256":{"start":{"line":257,"column":0},"end":{"line":257,"column":3}},"258":{"start":{"line":259,"column":0},"end":{"line":259,"column":96}},"259":{"start":{"line":260,"column":0},"end":{"line":260,"column":69}},"260":{"start":{"line":261,"column":0},"end":{"line":261,"column":14}},"261":{"start":{"line":262,"column":0},"end":{"line":262,"column":83}},"262":{"start":{"line":263,"column":0},"end":{"line":263,"column":45}},"263":{"start":{"line":264,"column":0},"end":{"line":264,"column":8}},"264":{"start":{"line":265,"column":0},"end":{"line":265,"column":7}},"265":{"start":{"line":266,"column":0},"end":{"line":266,"column":3}},"267":{"start":{"line":268,"column":0},"end":{"line":268,"column":35}},"268":{"start":{"line":269,"column":0},"end":{"line":269,"column":66}},"269":{"start":{"line":270,"column":0},"end":{"line":270,"column":46}},"270":{"start":{"line":271,"column":0},"end":{"line":271,"column":3}},"272":{"start":{"line":273,"column":0},"end":{"line":273,"column":49}},"273":{"start":{"line":274,"column":0},"end":{"line":274,"column":41}},"274":{"start":{"line":275,"column":0},"end":{"line":275,"column":16}},"275":{"start":{"line":276,"column":0},"end":{"line":276,"column":3}},"277":{"start":{"line":278,"column":0},"end":{"line":278,"column":58}},"278":{"start":{"line":279,"column":0},"end":{"line":279,"column":52}},"279":{"start":{"line":280,"column":0},"end":{"line":280,"column":71}},"280":{"start":{"line":281,"column":0},"end":{"line":281,"column":69}},"281":{"start":{"line":282,"column":0},"end":{"line":282,"column":6}},"282":{"start":{"line":283,"column":0},"end":{"line":283,"column":80}},"283":{"start":{"line":284,"column":0},"end":{"line":284,"column":37}},"284":{"start":{"line":285,"column":0},"end":{"line":285,"column":6}},"285":{"start":{"line":286,"column":0},"end":{"line":286,"column":46}},"287":{"start":{"line":288,"column":0},"end":{"line":288,"column":82}},"288":{"start":{"line":289,"column":0},"end":{"line":289,"column":39}},"289":{"start":{"line":290,"column":0},"end":{"line":290,"column":6}},"290":{"start":{"line":291,"column":0},"end":{"line":291,"column":48}},"292":{"start":{"line":293,"column":0},"end":{"line":293,"column":16}},"293":{"start":{"line":294,"column":0},"end":{"line":294,"column":3}},"295":{"start":{"line":296,"column":0},"end":{"line":296,"column":54}},"296":{"start":{"line":297,"column":0},"end":{"line":297,"column":44}},"297":{"start":{"line":298,"column":0},"end":{"line":298,"column":59}},"298":{"start":{"line":299,"column":0},"end":{"line":299,"column":65}},"299":{"start":{"line":300,"column":0},"end":{"line":300,"column":6}},"300":{"start":{"line":301,"column":0},"end":{"line":301,"column":97}},"301":{"start":{"line":302,"column":0},"end":{"line":302,"column":44}},"303":{"start":{"line":304,"column":0},"end":{"line":304,"column":16}},"304":{"start":{"line":305,"column":0},"end":{"line":305,"column":3}},"305":{"start":{"line":306,"column":0},"end":{"line":306,"column":1}},"307":{"start":{"line":308,"column":0},"end":{"line":308,"column":38}}},"s":{"0":1,"40":0,"41":0,"42":0,"44":1,"45":1,"46":24,"47":24,"49":1,"50":2,"51":2,"53":2,"54":2,"55":2,"57":1,"58":1,"59":1,"62":1,"65":1,"66":1,"67":0,"68":1,"71":1,"72":1,"73":39,"74":1,"75":1,"78":1,"79":1,"81":1,"82":8,"83":8,"84":8,"85":8,"87":8,"88":8,"89":8,"90":8,"91":0,"92":0,"93":0,"94":0,"96":8,"97":8,"98":8,"99":8,"100":0,"101":0,"102":0,"103":0,"105":8,"106":8,"107":8,"108":8,"109":0,"110":0,"111":8,"113":8,"114":8,"116":1,"117":15,"118":15,"119":15,"120":15,"122":15,"123":15,"124":15,"125":0,"126":0,"127":0,"128":0,"129":0,"131":15,"132":15,"133":15,"134":0,"135":0,"136":0,"137":0,"138":0,"140":15,"141":15,"143":1,"144":30,"146":30,"147":0,"148":0,"149":30,"151":1,"152":4,"154":4,"155":4,"156":4,"157":4,"158":4,"159":4,"160":4,"161":4,"162":4,"163":0,"164":0,"165":0,"166":4,"168":1,"169":4,"170":4,"171":4,"172":4,"174":4,"175":4,"176":4,"178":4,"179":4,"180":4,"181":4,"182":4,"183":4,"184":4,"186":4,"187":4,"188":4,"189":4,"190":4,"192":1,"193":0,"194":0,"195":0,"196":0,"197":0,"199":1,"200":1,"201":1,"202":1,"203":1,"204":1,"205":1,"206":1,"208":1,"209":0,"210":0,"211":0,"212":0,"214":1,"215":0,"216":0,"217":0,"218":0,"219":0,"222":0,"223":0,"224":0,"225":0,"226":0,"227":0,"228":0,"229":0,"230":0,"231":0,"232":0,"233":0,"234":0,"235":0,"236":0,"237":0,"238":0,"239":0,"240":0,"241":0,"242":0,"244":0,"245":0,"247":1,"248":1,"249":1,"250":1,"251":1,"252":1,"254":1,"255":0,"256":0,"258":1,"259":8,"260":24,"261":24,"262":24,"263":24,"264":8,"265":8,"267":1,"268":4,"269":4,"270":4,"272":1,"273":0,"274":0,"275":0,"277":1,"278":4,"279":4,"280":8,"281":4,"282":4,"283":0,"284":4,"285":4,"287":4,"288":0,"289":4,"290":4,"292":4,"293":4,"295":1,"296":4,"297":4,"298":16,"299":4,"300":4,"301":4,"303":4,"304":4,"305":1,"307":1},"branchMap":{"0":{"type":"branch","line":46,"loc":{"start":{"line":46,"column":9},"end":{"line":48,"column":3}},"locations":[{"start":{"line":46,"column":9},"end":{"line":48,"column":3}}]},"1":{"type":"branch","line":50,"loc":{"start":{"line":50,"column":9},"end":{"line":56,"column":3}},"locations":[{"start":{"line":50,"column":9},"end":{"line":56,"column":3}}]},"2":{"type":"branch","line":58,"loc":{"start":{"line":58,"column":9},"end":{"line":80,"column":3}},"locations":[{"start":{"line":58,"column":9},"end":{"line":80,"column":3}}]},"3":{"type":"branch","line":73,"loc":{"start":{"line":73,"column":11},"end":{"line":75,"column":7}},"locations":[{"start":{"line":73,"column":11},"end":{"line":75,"column":7}}]},"4":{"type":"branch","line":82,"loc":{"start":{"line":82,"column":2},"end":{"line":115,"column":3}},"locations":[{"start":{"line":82,"column":2},"end":{"line":115,"column":3}}]},"5":{"type":"branch","line":91,"loc":{"start":{"line":91,"column":4},"end":{"line":95,"column":5}},"locations":[{"start":{"line":91,"column":4},"end":{"line":95,"column":5}}]},"6":{"type":"branch","line":100,"loc":{"start":{"line":100,"column":4},"end":{"line":104,"column":5}},"locations":[{"start":{"line":100,"column":4},"end":{"line":104,"column":5}}]},"7":{"type":"branch","line":109,"loc":{"start":{"line":109,"column":6},"end":{"line":111,"column":7}},"locations":[{"start":{"line":109,"column":6},"end":{"line":111,"column":7}}]},"8":{"type":"branch","line":117,"loc":{"start":{"line":117,"column":2},"end":{"line":142,"column":3}},"locations":[{"start":{"line":117,"column":2},"end":{"line":142,"column":3}}]},"9":{"type":"branch","line":125,"loc":{"start":{"line":125,"column":4},"end":{"line":130,"column":5}},"locations":[{"start":{"line":125,"column":4},"end":{"line":130,"column":5}}]},"10":{"type":"branch","line":134,"loc":{"start":{"line":134,"column":4},"end":{"line":139,"column":5}},"locations":[{"start":{"line":134,"column":4},"end":{"line":139,"column":5}}]},"11":{"type":"branch","line":144,"loc":{"start":{"line":144,"column":2},"end":{"line":150,"column":3}},"locations":[{"start":{"line":144,"column":2},"end":{"line":150,"column":3}}]},"12":{"type":"branch","line":147,"loc":{"start":{"line":147,"column":55},"end":{"line":149,"column":5}},"locations":[{"start":{"line":147,"column":55},"end":{"line":149,"column":5}}]},"13":{"type":"branch","line":152,"loc":{"start":{"line":152,"column":2},"end":{"line":167,"column":3}},"locations":[{"start":{"line":152,"column":2},"end":{"line":167,"column":3}}]},"14":{"type":"branch","line":158,"loc":{"start":{"line":158,"column":48},"end":{"line":159,"column":13}},"locations":[{"start":{"line":158,"column":48},"end":{"line":159,"column":13}}]},"15":{"type":"branch","line":163,"loc":{"start":{"line":163,"column":6},"end":{"line":166,"column":33}},"locations":[{"start":{"line":163,"column":6},"end":{"line":166,"column":33}}]},"16":{"type":"branch","line":169,"loc":{"start":{"line":169,"column":2},"end":{"line":191,"column":3}},"locations":[{"start":{"line":169,"column":2},"end":{"line":191,"column":3}}]},"17":{"type":"branch","line":200,"loc":{"start":{"line":200,"column":2},"end":{"line":207,"column":3}},"locations":[{"start":{"line":200,"column":2},"end":{"line":207,"column":3}}]},"18":{"type":"branch","line":248,"loc":{"start":{"line":248,"column":9},"end":{"line":253,"column":3}},"locations":[{"start":{"line":248,"column":9},"end":{"line":253,"column":3}}]},"19":{"type":"branch","line":259,"loc":{"start":{"line":259,"column":9},"end":{"line":266,"column":3}},"locations":[{"start":{"line":259,"column":9},"end":{"line":266,"column":3}}]},"20":{"type":"branch","line":260,"loc":{"start":{"line":260,"column":50},"end":{"line":265,"column":5}},"locations":[{"start":{"line":260,"column":50},"end":{"line":265,"column":5}}]},"21":{"type":"branch","line":262,"loc":{"start":{"line":262,"column":73},"end":{"line":262,"column":80}},"locations":[{"start":{"line":262,"column":73},"end":{"line":262,"column":80}}]},"22":{"type":"branch","line":268,"loc":{"start":{"line":268,"column":9},"end":{"line":271,"column":3}},"locations":[{"start":{"line":268,"column":9},"end":{"line":271,"column":3}}]},"23":{"type":"branch","line":278,"loc":{"start":{"line":278,"column":2},"end":{"line":294,"column":3}},"locations":[{"start":{"line":278,"column":2},"end":{"line":294,"column":3}}]},"24":{"type":"branch","line":280,"loc":{"start":{"line":280,"column":49},"end":{"line":281,"column":69}},"locations":[{"start":{"line":280,"column":49},"end":{"line":281,"column":69}}]},"25":{"type":"branch","line":296,"loc":{"start":{"line":296,"column":2},"end":{"line":305,"column":3}},"locations":[{"start":{"line":296,"column":2},"end":{"line":305,"column":3}}]},"26":{"type":"branch","line":298,"loc":{"start":{"line":298,"column":41},"end":{"line":299,"column":65}},"locations":[{"start":{"line":298,"column":41},"end":{"line":299,"column":65}}]}},"b":{"0":[24],"1":[2],"2":[1],"3":[39],"4":[8],"5":[0],"6":[0],"7":[0],"8":[15],"9":[0],"10":[0],"11":[30],"12":[0],"13":[4],"14":[0],"15":[0],"16":[4],"17":[1],"18":[1],"19":[8],"20":[24],"21":[0],"22":[4],"23":[4],"24":[8],"25":[4],"26":[16]},"fnMap":{"0":{"name":"sleep","decl":{"start":{"line":41,"column":0},"end":{"line":43,"column":1}},"loc":{"start":{"line":41,"column":0},"end":{"line":43,"column":1}},"line":41},"1":{"name":"getSimulatorLocation","decl":{"start":{"line":46,"column":9},"end":{"line":48,"column":3}},"loc":{"start":{"line":46,"column":9},"end":{"line":48,"column":3}},"line":46},"2":{"name":"readEnvConfigValue","decl":{"start":{"line":50,"column":9},"end":{"line":56,"column":3}},"loc":{"start":{"line":50,"column":9},"end":{"line":56,"column":3}},"line":50},"3":{"name":"addConfigToEnvFile","decl":{"start":{"line":58,"column":9},"end":{"line":80,"column":3}},"loc":{"start":{"line":58,"column":9},"end":{"line":80,"column":3}},"line":58},"4":{"name":"checkInstallRequirements","decl":{"start":{"line":82,"column":2},"end":{"line":115,"column":3}},"loc":{"start":{"line":82,"column":2},"end":{"line":115,"column":3}},"line":82},"5":{"name":"checkVersionRequirements","decl":{"start":{"line":117,"column":2},"end":{"line":142,"column":3}},"loc":{"start":{"line":117,"column":2},"end":{"line":142,"column":3}},"line":117},"6":{"name":"checkVersion","decl":{"start":{"line":144,"column":2},"end":{"line":150,"column":3}},"loc":{"start":{"line":144,"column":2},"end":{"line":150,"column":3}},"line":144},"7":{"name":"downloadSimulator","decl":{"start":{"line":152,"column":2},"end":{"line":167,"column":3}},"loc":{"start":{"line":152,"column":2},"end":{"line":167,"column":3}},"line":152},"8":{"name":"updateSimulator","decl":{"start":{"line":169,"column":2},"end":{"line":191,"column":3}},"loc":{"start":{"line":169,"column":2},"end":{"line":191,"column":3}},"line":169},"9":{"name":"pullOllamaModel","decl":{"start":{"line":193,"column":2},"end":{"line":198,"column":3}},"loc":{"start":{"line":193,"column":2},"end":{"line":198,"column":3}},"line":193},"10":{"name":"configSimulator","decl":{"start":{"line":200,"column":2},"end":{"line":207,"column":3}},"loc":{"start":{"line":200,"column":2},"end":{"line":207,"column":3}},"line":200},"11":{"name":"runSimulator","decl":{"start":{"line":209,"column":9},"end":{"line":213,"column":3}},"loc":{"start":{"line":209,"column":9},"end":{"line":213,"column":3}},"line":209},"12":{"name":"waitForSimulatorToBeReady","decl":{"start":{"line":215,"column":2},"end":{"line":246,"column":3}},"loc":{"start":{"line":215,"column":2},"end":{"line":246,"column":3}},"line":215},"13":{"name":"createRandomValidators","decl":{"start":{"line":248,"column":9},"end":{"line":253,"column":3}},"loc":{"start":{"line":248,"column":9},"end":{"line":253,"column":3}},"line":248},"14":{"name":"deleteAllValidators","decl":{"start":{"line":255,"column":9},"end":{"line":257,"column":3}},"loc":{"start":{"line":255,"column":9},"end":{"line":257,"column":3}},"line":255},"15":{"name":"getAiProvidersOptions","decl":{"start":{"line":259,"column":9},"end":{"line":266,"column":3}},"loc":{"start":{"line":259,"column":9},"end":{"line":266,"column":3}},"line":259},"16":{"name":"getFrontendUrl","decl":{"start":{"line":268,"column":9},"end":{"line":271,"column":3}},"loc":{"start":{"line":268,"column":9},"end":{"line":271,"column":3}},"line":268},"17":{"name":"openFrontend","decl":{"start":{"line":273,"column":2},"end":{"line":276,"column":3}},"loc":{"start":{"line":273,"column":2},"end":{"line":276,"column":3}},"line":273},"18":{"name":"resetDockerContainers","decl":{"start":{"line":278,"column":2},"end":{"line":294,"column":3}},"loc":{"start":{"line":278,"column":2},"end":{"line":294,"column":3}},"line":278},"19":{"name":"resetDockerImages","decl":{"start":{"line":296,"column":2},"end":{"line":305,"column":3}},"loc":{"start":{"line":296,"column":2},"end":{"line":305,"column":3}},"line":296}},"f":{"0":0,"1":24,"2":2,"3":1,"4":8,"5":15,"6":30,"7":4,"8":4,"9":0,"10":1,"11":0,"12":0,"13":1,"14":0,"15":8,"16":4,"17":0,"18":4,"19":4}}
}
